{"/Users/itagibaalix/Dev/platform/front/components/Avatar/index.tsx": {"path":"/Users/itagibaalix/Dev/platform/front/components/Avatar/index.tsx","statementMap":{"0":{"start":{"line":8,"column":13},"end":{"line":8,"column":14}},"1":{"start":{"line":9,"column":2},"end":{"line":12,"column":3}},"2":{"start":{"line":9,"column":15},"end":{"line":9,"column":16}},"3":{"start":{"line":11,"column":4},"end":{"line":11,"column":52}},"4":{"start":{"line":13,"column":2},"end":{"line":13,"column":14}},"5":{"start":{"line":18,"column":12},"end":{"line":20,"column":18}},"6":{"start":{"line":22,"column":2},"end":{"line":22,"column":48}},"7":{"start":{"line":29,"column":18},"end":{"line":43,"column":3}},"8":{"start":{"line":29,"column":47},"end":{"line":43,"column":2}},"9":{"start":{"line":37,"column":45},"end":{"line":37,"column":81}},"10":{"start":{"line":60,"column":6},"end":{"line":60,"column":11}},"11":{"start":{"line":61,"column":17},"end":{"line":61,"column":58}},"12":{"start":{"line":62,"column":25},"end":{"line":62,"column":67}},"13":{"start":{"line":63,"column":23},"end":{"line":63,"column":61}},"14":{"start":{"line":64,"column":20},"end":{"line":64,"column":52}},"15":{"start":{"line":66,"column":2},"end":{"line":78,"column":4}}},"fnMap":{"0":{"name":"hashCode","decl":{"start":{"line":7,"column":9},"end":{"line":7,"column":17}},"loc":{"start":{"line":7,"column":23},"end":{"line":14,"column":1}},"line":7},"1":{"name":"intToRGB","decl":{"start":{"line":16,"column":9},"end":{"line":16,"column":17}},"loc":{"start":{"line":16,"column":21},"end":{"line":23,"column":1}},"line":16},"2":{"name":"(anonymous_2)","decl":{"start":{"line":29,"column":29},"end":{"line":29,"column":30}},"loc":{"start":{"line":29,"column":47},"end":{"line":43,"column":2}},"line":29},"3":{"name":"(anonymous_3)","decl":{"start":{"line":37,"column":21},"end":{"line":37,"column":22}},"loc":{"start":{"line":37,"column":45},"end":{"line":37,"column":81}},"line":37},"4":{"name":"Avatar","decl":{"start":{"line":55,"column":9},"end":{"line":55,"column":15}},"loc":{"start":{"line":55,"column":49},"end":{"line":79,"column":1}},"line":55}},"branchMap":{"0":{"loc":{"start":{"line":59,"column":4},"end":{"line":59,"column":19}},"type":"default-arg","locations":[{"start":{"line":59,"column":15},"end":{"line":59,"column":19}}],"line":59},"1":{"loc":{"start":{"line":61,"column":35},"end":{"line":61,"column":55}},"type":"binary-expr","locations":[{"start":{"line":61,"column":35},"end":{"line":61,"column":49}},{"start":{"line":61,"column":53},"end":{"line":61,"column":55}}],"line":61},"2":{"loc":{"start":{"line":76,"column":8},"end":{"line":76,"column":99}},"type":"binary-expr","locations":[{"start":{"line":76,"column":8},"end":{"line":76,"column":16}},{"start":{"line":76,"column":20},"end":{"line":76,"column":99}}],"line":76}},"s":{"0":7,"1":7,"2":7,"3":23,"4":7,"5":7,"6":7,"7":3,"8":6,"9":7,"10":7,"11":7,"12":7,"13":7,"14":7,"15":7},"f":{"0":7,"1":7,"2":6,"3":7,"4":7},"b":{"0":[4],"1":[7,1],"2":[7,4]},"_coverageSchema":"1a1c01bbd47fc00a2c39e90264f33305004495a9","hash":"202af8cda70932caabe2bc6255ef32935691dfab"}
,"/Users/itagibaalix/Dev/platform/front/components/Button/index.tsx": {"path":"/Users/itagibaalix/Dev/platform/front/components/Button/index.tsx","statementMap":{"0":{"start":{"line":15,"column":23},"end":{"line":21,"column":2}},"1":{"start":{"line":15,"column":74},"end":{"line":21,"column":1}},"2":{"start":{"line":23,"column":18},"end":{"line":35,"column":3}},"3":{"start":{"line":23,"column":47},"end":{"line":35,"column":2}},"4":{"start":{"line":31,"column":36},"end":{"line":31,"column":85}},"5":{"start":{"line":32,"column":34},"end":{"line":32,"column":83}},"6":{"start":{"line":33,"column":36},"end":{"line":33,"column":85}},"7":{"start":{"line":34,"column":36},"end":{"line":34,"column":85}},"8":{"start":{"line":53,"column":15},"end":{"line":71,"column":2}},"9":{"start":{"line":56,"column":18},"end":{"line":56,"column":57}},"10":{"start":{"line":58,"column":2},"end":{"line":70,"column":4}}},"fnMap":{"0":{"name":"(anonymous_0)","decl":{"start":{"line":15,"column":23},"end":{"line":15,"column":24}},"loc":{"start":{"line":15,"column":74},"end":{"line":21,"column":1}},"line":15},"1":{"name":"(anonymous_1)","decl":{"start":{"line":23,"column":29},"end":{"line":23,"column":30}},"loc":{"start":{"line":23,"column":47},"end":{"line":35,"column":2}},"line":23},"2":{"name":"(anonymous_2)","decl":{"start":{"line":31,"column":11},"end":{"line":31,"column":12}},"loc":{"start":{"line":31,"column":36},"end":{"line":31,"column":85}},"line":31},"3":{"name":"(anonymous_3)","decl":{"start":{"line":32,"column":9},"end":{"line":32,"column":10}},"loc":{"start":{"line":32,"column":34},"end":{"line":32,"column":83}},"line":32},"4":{"name":"(anonymous_4)","decl":{"start":{"line":33,"column":11},"end":{"line":33,"column":12}},"loc":{"start":{"line":33,"column":36},"end":{"line":33,"column":85}},"line":33},"5":{"name":"(anonymous_5)","decl":{"start":{"line":34,"column":11},"end":{"line":34,"column":12}},"loc":{"start":{"line":34,"column":36},"end":{"line":34,"column":85}},"line":34},"6":{"name":"(anonymous_6)","decl":{"start":{"line":53,"column":32},"end":{"line":53,"column":33}},"loc":{"start":{"line":55,"column":67},"end":{"line":71,"column":1}},"line":55}},"branchMap":{"0":{"loc":{"start":{"line":16,"column":13},"end":{"line":16,"column":84}},"type":"cond-expr","locations":[{"start":{"line":16,"column":45},"end":{"line":16,"column":77}},{"start":{"line":16,"column":80},"end":{"line":16,"column":84}}],"line":16},"1":{"loc":{"start":{"line":17,"column":14},"end":{"line":18,"column":32}},"type":"cond-expr","locations":[{"start":{"line":18,"column":6},"end":{"line":18,"column":16}},{"start":{"line":18,"column":19},"end":{"line":18,"column":32}}],"line":17},"2":{"loc":{"start":{"line":17,"column":14},"end":{"line":17,"column":71}},"type":"binary-expr","locations":[{"start":{"line":17,"column":14},"end":{"line":17,"column":43}},{"start":{"line":17,"column":47},"end":{"line":17,"column":71}}],"line":17},"3":{"loc":{"start":{"line":19,"column":10},"end":{"line":19,"column":75}},"type":"cond-expr","locations":[{"start":{"line":19,"column":41},"end":{"line":19,"column":66}},{"start":{"line":19,"column":69},"end":{"line":19,"column":75}}],"line":19},"4":{"loc":{"start":{"line":20,"column":9},"end":{"line":20,"column":61}},"type":"cond-expr","locations":[{"start":{"line":20,"column":41},"end":{"line":20,"column":51}},{"start":{"line":20,"column":54},"end":{"line":20,"column":61}}],"line":20},"5":{"loc":{"start":{"line":54,"column":32},"end":{"line":54,"column":49}},"type":"default-arg","locations":[{"start":{"line":54,"column":40},"end":{"line":54,"column":49}}],"line":54},"6":{"loc":{"start":{"line":54,"column":51},"end":{"line":54,"column":67}},"type":"default-arg","locations":[{"start":{"line":54,"column":62},"end":{"line":54,"column":67}}],"line":54}},"s":{"0":2,"1":20,"2":2,"3":4,"4":5,"5":5,"6":5,"7":5,"8":2,"9":5,"10":5},"f":{"0":20,"1":4,"2":5,"3":5,"4":5,"5":5,"6":5},"b":{"0":[4,16],"1":[4,16],"2":[20,4],"3":[4,16],"4":[16,4],"5":[5],"6":[5]},"_coverageSchema":"1a1c01bbd47fc00a2c39e90264f33305004495a9","hash":"3d2eaa28e52e60c0292a1ef1f810cb67151d62eb"}
,"/Users/itagibaalix/Dev/platform/front/components/ButtonLink/index.tsx": {"path":"/Users/itagibaalix/Dev/platform/front/components/ButtonLink/index.tsx","statementMap":{"0":{"start":{"line":8,"column":19},"end":{"line":14,"column":1}},"1":{"start":{"line":10,"column":4},"end":{"line":12,"column":11}}},"fnMap":{"0":{"name":"(anonymous_0)","decl":{"start":{"line":9,"column":2},"end":{"line":9,"column":3}},"loc":{"start":{"line":10,"column":4},"end":{"line":12,"column":11}},"line":10}},"branchMap":{},"s":{"0":1,"1":1},"f":{"0":1},"b":{},"_coverageSchema":"1a1c01bbd47fc00a2c39e90264f33305004495a9","hash":"2533862869cc391510c5433eca90b082da7a72ec"}
,"/Users/itagibaalix/Dev/platform/front/components/Logo/index.tsx": {"path":"/Users/itagibaalix/Dev/platform/front/components/Logo/index.tsx","statementMap":{"0":{"start":{"line":6,"column":2},"end":{"line":8,"column":3}},"1":{"start":{"line":7,"column":4},"end":{"line":7,"column":14}},"2":{"start":{"line":8,"column":4},"end":{"line":10,"column":3}},"3":{"start":{"line":9,"column":4},"end":{"line":9,"column":14}},"4":{"start":{"line":10,"column":4},"end":{"line":12,"column":3}},"5":{"start":{"line":11,"column":4},"end":{"line":11,"column":14}},"6":{"start":{"line":13,"column":2},"end":{"line":13,"column":12}},"7":{"start":{"line":17,"column":31},"end":{"line":17,"column":37}},"8":{"start":{"line":18,"column":32},"end":{"line":18,"column":38}},"9":{"start":{"line":20,"column":2},"end":{"line":42,"column":3}},"10":{"start":{"line":21,"column":4},"end":{"line":31,"column":5}},"11":{"start":{"line":22,"column":6},"end":{"line":22,"column":19}},"12":{"start":{"line":23,"column":11},"end":{"line":31,"column":5}},"13":{"start":{"line":24,"column":6},"end":{"line":24,"column":19}},"14":{"start":{"line":25,"column":11},"end":{"line":31,"column":5}},"15":{"start":{"line":26,"column":6},"end":{"line":26,"column":18}},"16":{"start":{"line":27,"column":11},"end":{"line":31,"column":5}},"17":{"start":{"line":28,"column":6},"end":{"line":28,"column":18}},"18":{"start":{"line":30,"column":6},"end":{"line":30,"column":22}},"19":{"start":{"line":32,"column":9},"end":{"line":42,"column":3}},"20":{"start":{"line":33,"column":4},"end":{"line":33,"column":16}},"21":{"start":{"line":34,"column":9},"end":{"line":42,"column":3}},"22":{"start":{"line":35,"column":4},"end":{"line":35,"column":16}},"23":{"start":{"line":36,"column":9},"end":{"line":42,"column":3}},"24":{"start":{"line":37,"column":4},"end":{"line":37,"column":16}},"25":{"start":{"line":38,"column":9},"end":{"line":42,"column":3}},"26":{"start":{"line":39,"column":4},"end":{"line":39,"column":16}},"27":{"start":{"line":41,"column":4},"end":{"line":41,"column":19}},"28":{"start":{"line":43,"column":2},"end":{"line":43,"column":29}},"29":{"start":{"line":46,"column":18},"end":{"line":62,"column":3}},"30":{"start":{"line":46,"column":41},"end":{"line":62,"column":1}},"31":{"start":{"line":53,"column":50},"end":{"line":53,"column":73}},"32":{"start":{"line":70,"column":13},"end":{"line":93,"column":1}},"33":{"start":{"line":71,"column":18},"end":{"line":71,"column":37}},"34":{"start":{"line":72,"column":14},"end":{"line":72,"column":73}},"35":{"start":{"line":73,"column":20},"end":{"line":73,"column":39}},"36":{"start":{"line":75,"column":2},"end":{"line":92,"column":4}}},"fnMap":{"0":{"name":"getFontSize","decl":{"start":{"line":5,"column":9},"end":{"line":5,"column":20}},"loc":{"start":{"line":5,"column":43},"end":{"line":14,"column":1}},"line":5},"1":{"name":"getSize","decl":{"start":{"line":16,"column":9},"end":{"line":16,"column":16}},"loc":{"start":{"line":16,"column":97},"end":{"line":44,"column":1}},"line":16},"2":{"name":"(anonymous_2)","decl":{"start":{"line":46,"column":29},"end":{"line":46,"column":30}},"loc":{"start":{"line":46,"column":41},"end":{"line":62,"column":1}},"line":46},"3":{"name":"(anonymous_3)","decl":{"start":{"line":53,"column":14},"end":{"line":53,"column":15}},"loc":{"start":{"line":53,"column":50},"end":{"line":53,"column":73}},"line":53},"4":{"name":"(anonymous_4)","decl":{"start":{"line":70,"column":13},"end":{"line":70,"column":14}},"loc":{"start":{"line":70,"column":87},"end":{"line":93,"column":1}},"line":70}},"branchMap":{"0":{"loc":{"start":{"line":6,"column":2},"end":{"line":8,"column":3}},"type":"if","locations":[{"start":{"line":6,"column":2},"end":{"line":8,"column":3}},{"start":{"line":6,"column":2},"end":{"line":8,"column":3}}],"line":6},"1":{"loc":{"start":{"line":8,"column":4},"end":{"line":10,"column":3}},"type":"if","locations":[{"start":{"line":8,"column":4},"end":{"line":10,"column":3}},{"start":{"line":8,"column":4},"end":{"line":10,"column":3}}],"line":8},"2":{"loc":{"start":{"line":10,"column":4},"end":{"line":12,"column":3}},"type":"if","locations":[{"start":{"line":10,"column":4},"end":{"line":12,"column":3}},{"start":{"line":10,"column":4},"end":{"line":12,"column":3}}],"line":10},"3":{"loc":{"start":{"line":20,"column":2},"end":{"line":42,"column":3}},"type":"if","locations":[{"start":{"line":20,"column":2},"end":{"line":42,"column":3}},{"start":{"line":20,"column":2},"end":{"line":42,"column":3}}],"line":20},"4":{"loc":{"start":{"line":21,"column":4},"end":{"line":31,"column":5}},"type":"if","locations":[{"start":{"line":21,"column":4},"end":{"line":31,"column":5}},{"start":{"line":21,"column":4},"end":{"line":31,"column":5}}],"line":21},"5":{"loc":{"start":{"line":23,"column":11},"end":{"line":31,"column":5}},"type":"if","locations":[{"start":{"line":23,"column":11},"end":{"line":31,"column":5}},{"start":{"line":23,"column":11},"end":{"line":31,"column":5}}],"line":23},"6":{"loc":{"start":{"line":25,"column":11},"end":{"line":31,"column":5}},"type":"if","locations":[{"start":{"line":25,"column":11},"end":{"line":31,"column":5}},{"start":{"line":25,"column":11},"end":{"line":31,"column":5}}],"line":25},"7":{"loc":{"start":{"line":27,"column":11},"end":{"line":31,"column":5}},"type":"if","locations":[{"start":{"line":27,"column":11},"end":{"line":31,"column":5}},{"start":{"line":27,"column":11},"end":{"line":31,"column":5}}],"line":27},"8":{"loc":{"start":{"line":32,"column":9},"end":{"line":42,"column":3}},"type":"if","locations":[{"start":{"line":32,"column":9},"end":{"line":42,"column":3}},{"start":{"line":32,"column":9},"end":{"line":42,"column":3}}],"line":32},"9":{"loc":{"start":{"line":34,"column":9},"end":{"line":42,"column":3}},"type":"if","locations":[{"start":{"line":34,"column":9},"end":{"line":42,"column":3}},{"start":{"line":34,"column":9},"end":{"line":42,"column":3}}],"line":34},"10":{"loc":{"start":{"line":36,"column":9},"end":{"line":42,"column":3}},"type":"if","locations":[{"start":{"line":36,"column":9},"end":{"line":42,"column":3}},{"start":{"line":36,"column":9},"end":{"line":42,"column":3}}],"line":36},"11":{"loc":{"start":{"line":38,"column":9},"end":{"line":42,"column":3}},"type":"if","locations":[{"start":{"line":38,"column":9},"end":{"line":42,"column":3}},{"start":{"line":38,"column":9},"end":{"line":42,"column":3}}],"line":38},"12":{"loc":{"start":{"line":70,"column":16},"end":{"line":70,"column":32}},"type":"default-arg","locations":[{"start":{"line":70,"column":23},"end":{"line":70,"column":32}}],"line":70},"13":{"loc":{"start":{"line":70,"column":34},"end":{"line":70,"column":45}},"type":"default-arg","locations":[{"start":{"line":70,"column":41},"end":{"line":70,"column":45}}],"line":70},"14":{"loc":{"start":{"line":72,"column":14},"end":{"line":72,"column":73}},"type":"cond-expr","locations":[{"start":{"line":72,"column":32},"end":{"line":72,"column":52}},{"start":{"line":72,"column":55},"end":{"line":72,"column":73}}],"line":72},"15":{"loc":{"start":{"line":88,"column":12},"end":{"line":88,"column":110}},"type":"binary-expr","locations":[{"start":{"line":88,"column":12},"end":{"line":88,"column":31}},{"start":{"line":88,"column":36},"end":{"line":88,"column":109}}],"line":88}},"s":{"0":10,"1":2,"2":8,"3":2,"4":6,"5":2,"6":4,"7":10,"8":10,"9":10,"10":5,"11":1,"12":4,"13":1,"14":3,"15":1,"16":2,"17":1,"18":1,"19":5,"20":1,"21":4,"22":1,"23":3,"24":1,"25":2,"26":1,"27":1,"28":10,"29":1,"30":10,"31":10,"32":1,"33":10,"34":10,"35":10,"36":10},"f":{"0":10,"1":10,"2":10,"3":10,"4":10},"b":{"0":[2,8],"1":[2,6],"2":[2,4],"3":[5,5],"4":[1,4],"5":[1,3],"6":[1,2],"7":[1,1],"8":[1,4],"9":[1,3],"10":[1,2],"11":[1,1],"12":[1],"13":[2],"14":[5,5],"15":[10,4]},"_coverageSchema":"1a1c01bbd47fc00a2c39e90264f33305004495a9","hash":"7d599309e8a69273673df8c1dbb1ff4b0dc52587"}
,"/Users/itagibaalix/Dev/platform/front/components/PackageCard/index.tsx": {"path":"/Users/itagibaalix/Dev/platform/front/components/PackageCard/index.tsx","statementMap":{"0":{"start":{"line":12,"column":18},"end":{"line":61,"column":3}},"1":{"start":{"line":12,"column":47},"end":{"line":61,"column":2}},"2":{"start":{"line":64,"column":18},"end":{"line":64,"column":44}},"3":{"start":{"line":65,"column":35},"end":{"line":65,"column":46}},"4":{"start":{"line":66,"column":15},"end":{"line":66,"column":43}},"5":{"start":{"line":68,"column":2},"end":{"line":91,"column":4}}},"fnMap":{"0":{"name":"(anonymous_0)","decl":{"start":{"line":12,"column":29},"end":{"line":12,"column":30}},"loc":{"start":{"line":12,"column":47},"end":{"line":61,"column":2}},"line":12},"1":{"name":"PackageCard","decl":{"start":{"line":63,"column":9},"end":{"line":63,"column":20}},"loc":{"start":{"line":63,"column":69},"end":{"line":92,"column":1}},"line":63}},"branchMap":{},"s":{"0":1,"1":1,"2":1,"3":1,"4":1,"5":1},"f":{"0":1,"1":1},"b":{},"_coverageSchema":"1a1c01bbd47fc00a2c39e90264f33305004495a9","hash":"b75d73aea1f9643c72c5aaf47730400d80a8804f"}
,"/Users/itagibaalix/Dev/platform/front/components/PasswordInput/index.tsx": {"path":"/Users/itagibaalix/Dev/platform/front/components/PasswordInput/index.tsx","statementMap":{"0":{"start":{"line":12,"column":18},"end":{"line":14,"column":3}},"1":{"start":{"line":12,"column":41},"end":{"line":14,"column":1}},"2":{"start":{"line":16,"column":22},"end":{"line":44,"column":1}},"3":{"start":{"line":17,"column":35},"end":{"line":17,"column":50}},"4":{"start":{"line":18,"column":18},"end":{"line":18,"column":29}},"5":{"start":{"line":20,"column":34},"end":{"line":22,"column":3}},"6":{"start":{"line":21,"column":4},"end":{"line":21,"column":29}},"7":{"start":{"line":21,"column":25},"end":{"line":21,"column":27}},"8":{"start":{"line":24,"column":2},"end":{"line":43,"column":4}}},"fnMap":{"0":{"name":"(anonymous_0)","decl":{"start":{"line":12,"column":29},"end":{"line":12,"column":30}},"loc":{"start":{"line":12,"column":41},"end":{"line":14,"column":1}},"line":12},"1":{"name":"(anonymous_1)","decl":{"start":{"line":16,"column":22},"end":{"line":16,"column":23}},"loc":{"start":{"line":16,"column":66},"end":{"line":44,"column":1}},"line":16},"2":{"name":"(anonymous_2)","decl":{"start":{"line":20,"column":34},"end":{"line":20,"column":35}},"loc":{"start":{"line":20,"column":46},"end":{"line":22,"column":3}},"line":20},"3":{"name":"(anonymous_3)","decl":{"start":{"line":21,"column":18},"end":{"line":21,"column":19}},"loc":{"start":{"line":21,"column":25},"end":{"line":21,"column":27}},"line":21}},"branchMap":{"0":{"loc":{"start":{"line":26,"column":12},"end":{"line":26,"column":41}},"type":"cond-expr","locations":[{"start":{"line":26,"column":22},"end":{"line":26,"column":28}},{"start":{"line":26,"column":31},"end":{"line":26,"column":41}}],"line":26},"1":{"loc":{"start":{"line":37,"column":7},"end":{"line":37,"column":51}},"type":"cond-expr","locations":[{"start":{"line":37,"column":17},"end":{"line":37,"column":31}},{"start":{"line":37,"column":34},"end":{"line":37,"column":51}}],"line":37}},"s":{"0":1,"1":1,"2":1,"3":2,"4":2,"5":2,"6":1,"7":1,"8":2},"f":{"0":1,"1":2,"2":1,"3":1},"b":{"0":[1,1],"1":[1,1]},"_coverageSchema":"1a1c01bbd47fc00a2c39e90264f33305004495a9","hash":"f67a33e2f9639223356a0cfc7978d376fddd2c66"}
,"/Users/itagibaalix/Dev/platform/front/components/Select/index.tsx": {"path":"/Users/itagibaalix/Dev/platform/front/components/Select/index.tsx","statementMap":{"0":{"start":{"line":13,"column":2},"end":{"line":19,"column":4}}},"fnMap":{"0":{"name":"Select","decl":{"start":{"line":10,"column":9},"end":{"line":10,"column":15}},"loc":{"start":{"line":12,"column":29},"end":{"line":20,"column":1}},"line":12}},"branchMap":{},"s":{"0":2},"f":{"0":2},"b":{},"_coverageSchema":"1a1c01bbd47fc00a2c39e90264f33305004495a9","hash":"a4dc9b356baed7fc1ceb7dc1387f485aac01e47d"}
,"/Users/itagibaalix/Dev/platform/front/components/Select/WrappedMuiSelect/index.tsx": {"path":"/Users/itagibaalix/Dev/platform/front/components/Select/WrappedMuiSelect/index.tsx","statementMap":{"0":{"start":{"line":14,"column":18},"end":{"line":57,"column":3}},"1":{"start":{"line":14,"column":47},"end":{"line":57,"column":2}},"2":{"start":{"line":60,"column":18},"end":{"line":60,"column":29}},"3":{"start":{"line":62,"column":2},"end":{"line":107,"column":4}},"4":{"start":{"line":91,"column":12},"end":{"line":102,"column":23}}},"fnMap":{"0":{"name":"(anonymous_0)","decl":{"start":{"line":14,"column":29},"end":{"line":14,"column":30}},"loc":{"start":{"line":14,"column":47},"end":{"line":57,"column":2}},"line":14},"1":{"name":"WrappedSelect","decl":{"start":{"line":59,"column":9},"end":{"line":59,"column":22}},"loc":{"start":{"line":59,"column":85},"end":{"line":108,"column":1}},"line":59},"2":{"name":"(anonymous_2)","decl":{"start":{"line":90,"column":28},"end":{"line":90,"column":29}},"loc":{"start":{"line":91,"column":12},"end":{"line":102,"column":23}},"line":91}},"branchMap":{},"s":{"0":1,"1":2,"2":2,"3":2,"4":6},"f":{"0":2,"1":2,"2":6},"b":{},"_coverageSchema":"1a1c01bbd47fc00a2c39e90264f33305004495a9","hash":"73873a0dc137f151f2980a4f52becef14ae07723"}
,"/Users/itagibaalix/Dev/platform/front/components/TextInput/index.tsx": {"path":"/Users/itagibaalix/Dev/platform/front/components/TextInput/index.tsx","statementMap":{"0":{"start":{"line":6,"column":18},"end":{"line":10,"column":2}},"1":{"start":{"line":29,"column":18},"end":{"line":54,"column":1}},"2":{"start":{"line":30,"column":24},"end":{"line":30,"column":52}},"3":{"start":{"line":31,"column":18},"end":{"line":31,"column":29}},"4":{"start":{"line":32,"column":30},"end":{"line":32,"column":35}},"5":{"start":{"line":33,"column":19},"end":{"line":33,"column":22}},"6":{"start":{"line":34,"column":2},"end":{"line":38,"column":3}},"7":{"start":{"line":35,"column":4},"end":{"line":35,"column":20}},"8":{"start":{"line":36,"column":9},"end":{"line":38,"column":3}},"9":{"start":{"line":37,"column":4},"end":{"line":37,"column":28}},"10":{"start":{"line":40,"column":2},"end":{"line":53,"column":4}}},"fnMap":{"0":{"name":"(anonymous_0)","decl":{"start":{"line":29,"column":18},"end":{"line":29,"column":19}},"loc":{"start":{"line":29,"column":98},"end":{"line":54,"column":1}},"line":29}},"branchMap":{"0":{"loc":{"start":{"line":29,"column":21},"end":{"line":29,"column":46}},"type":"default-arg","locations":[{"start":{"line":29,"column":41},"end":{"line":29,"column":46}}],"line":29},"1":{"loc":{"start":{"line":34,"column":2},"end":{"line":38,"column":3}},"type":"if","locations":[{"start":{"line":34,"column":2},"end":{"line":38,"column":3}},{"start":{"line":34,"column":2},"end":{"line":38,"column":3}}],"line":34},"2":{"loc":{"start":{"line":36,"column":9},"end":{"line":38,"column":3}},"type":"if","locations":[{"start":{"line":36,"column":9},"end":{"line":38,"column":3}},{"start":{"line":36,"column":9},"end":{"line":38,"column":3}}],"line":36},"3":{"loc":{"start":{"line":36,"column":13},"end":{"line":36,"column":41}},"type":"binary-expr","locations":[{"start":{"line":36,"column":13},"end":{"line":36,"column":25}},{"start":{"line":36,"column":29},"end":{"line":36,"column":41}}],"line":36},"4":{"loc":{"start":{"line":45,"column":16},"end":{"line":45,"column":42}},"type":"binary-expr","locations":[{"start":{"line":45,"column":16},"end":{"line":45,"column":26}},{"start":{"line":45,"column":30},"end":{"line":45,"column":42}}],"line":45}},"s":{"0":2,"1":2,"2":4,"3":4,"4":4,"5":4,"6":4,"7":1,"8":3,"9":0,"10":4},"f":{"0":4},"b":{"0":[2],"1":[1,3],"2":[0,3],"3":[3,0],"4":[4,0]},"_coverageSchema":"1a1c01bbd47fc00a2c39e90264f33305004495a9","hash":"f7c3bf0401365cc6560f994b73fe3cd2d142cf57"}
,"/Users/itagibaalix/Dev/platform/front/components/TextLink/index.tsx": {"path":"/Users/itagibaalix/Dev/platform/front/components/TextLink/index.tsx","statementMap":{"0":{"start":{"line":12,"column":17},"end":{"line":20,"column":1}},"1":{"start":{"line":15,"column":2},"end":{"line":19,"column":9}}},"fnMap":{"0":{"name":"(anonymous_0)","decl":{"start":{"line":12,"column":17},"end":{"line":12,"column":18}},"loc":{"start":{"line":15,"column":2},"end":{"line":19,"column":9}},"line":15}},"branchMap":{},"s":{"0":1,"1":1},"f":{"0":1},"b":{},"_coverageSchema":"1a1c01bbd47fc00a2c39e90264f33305004495a9","hash":"b098ade17afe18fba966522b4c57a612f1b2d9de"}
,"/Users/itagibaalix/Dev/platform/front/utils/team.ts": {"path":"/Users/itagibaalix/Dev/platform/front/utils/team.ts","statementMap":{"0":{"start":{"line":1,"column":13},"end":{"line":60,"column":1}}},"fnMap":{},"branchMap":{},"s":{"0":0},"f":{},"b":{}}
,"/Users/itagibaalix/Dev/platform/front/utils/version.ts": {"path":"/Users/itagibaalix/Dev/platform/front/utils/version.ts","statementMap":{"0":{"start":{"line":6,"column":2},"end":{"line":6,"column":78}},"1":{"start":{"line":6,"column":41},"end":{"line":6,"column":76}},"2":{"start":{"line":10,"column":2},"end":{"line":12,"column":3}},"3":{"start":{"line":11,"column":4},"end":{"line":11,"column":16}},"4":{"start":{"line":13,"column":2},"end":{"line":13,"column":34}}},"fnMap":{"0":{"name":"sortVersion","decl":{"start":{"line":5,"column":16},"end":{"line":5,"column":27}},"loc":{"start":{"line":5,"column":60},"end":{"line":7,"column":1}},"line":5},"1":{"name":"(anonymous_1)","decl":{"start":{"line":6,"column":31},"end":{"line":6,"column":32}},"loc":{"start":{"line":6,"column":41},"end":{"line":6,"column":76}},"line":6},"2":{"name":"getLastVersion","decl":{"start":{"line":9,"column":16},"end":{"line":9,"column":30}},"loc":{"start":{"line":9,"column":61},"end":{"line":14,"column":1}},"line":9}},"branchMap":{"0":{"loc":{"start":{"line":10,"column":2},"end":{"line":12,"column":3}},"type":"if","locations":[{"start":{"line":10,"column":2},"end":{"line":12,"column":3}},{"start":{"line":10,"column":2},"end":{"line":12,"column":3}}],"line":10}},"s":{"0":2,"1":2,"2":2,"3":1,"4":1},"f":{"0":2,"1":2,"2":2},"b":{"0":[1,1]},"_coverageSchema":"1a1c01bbd47fc00a2c39e90264f33305004495a9","hash":"5fb14e992f63147c6fb4564dfd6c51000aac111d"}
}
