{"/Users/itagibaalix/Dev/platform/front/components/Avatar/index.tsx": {"path":"/Users/itagibaalix/Dev/platform/front/components/Avatar/index.tsx","statementMap":{"0":{"start":{"line":8,"column":13},"end":{"line":8,"column":14}},"1":{"start":{"line":9,"column":2},"end":{"line":12,"column":3}},"2":{"start":{"line":9,"column":15},"end":{"line":9,"column":16}},"3":{"start":{"line":11,"column":4},"end":{"line":11,"column":52}},"4":{"start":{"line":13,"column":2},"end":{"line":13,"column":14}},"5":{"start":{"line":18,"column":12},"end":{"line":20,"column":18}},"6":{"start":{"line":22,"column":2},"end":{"line":22,"column":48}},"7":{"start":{"line":29,"column":18},"end":{"line":43,"column":3}},"8":{"start":{"line":29,"column":47},"end":{"line":43,"column":2}},"9":{"start":{"line":37,"column":45},"end":{"line":37,"column":81}},"10":{"start":{"line":60,"column":6},"end":{"line":60,"column":11}},"11":{"start":{"line":61,"column":17},"end":{"line":61,"column":58}},"12":{"start":{"line":62,"column":25},"end":{"line":62,"column":67}},"13":{"start":{"line":63,"column":23},"end":{"line":63,"column":61}},"14":{"start":{"line":64,"column":20},"end":{"line":64,"column":52}},"15":{"start":{"line":66,"column":2},"end":{"line":78,"column":4}}},"fnMap":{"0":{"name":"hashCode","decl":{"start":{"line":7,"column":9},"end":{"line":7,"column":17}},"loc":{"start":{"line":7,"column":23},"end":{"line":14,"column":1}},"line":7},"1":{"name":"intToRGB","decl":{"start":{"line":16,"column":9},"end":{"line":16,"column":17}},"loc":{"start":{"line":16,"column":21},"end":{"line":23,"column":1}},"line":16},"2":{"name":"(anonymous_2)","decl":{"start":{"line":29,"column":29},"end":{"line":29,"column":30}},"loc":{"start":{"line":29,"column":47},"end":{"line":43,"column":2}},"line":29},"3":{"name":"(anonymous_3)","decl":{"start":{"line":37,"column":21},"end":{"line":37,"column":22}},"loc":{"start":{"line":37,"column":45},"end":{"line":37,"column":81}},"line":37},"4":{"name":"Avatar","decl":{"start":{"line":55,"column":9},"end":{"line":55,"column":15}},"loc":{"start":{"line":55,"column":49},"end":{"line":79,"column":1}},"line":55}},"branchMap":{"0":{"loc":{"start":{"line":59,"column":4},"end":{"line":59,"column":19}},"type":"default-arg","locations":[{"start":{"line":59,"column":15},"end":{"line":59,"column":19}}],"line":59},"1":{"loc":{"start":{"line":61,"column":35},"end":{"line":61,"column":55}},"type":"binary-expr","locations":[{"start":{"line":61,"column":35},"end":{"line":61,"column":49}},{"start":{"line":61,"column":53},"end":{"line":61,"column":55}}],"line":61},"2":{"loc":{"start":{"line":76,"column":8},"end":{"line":76,"column":99}},"type":"binary-expr","locations":[{"start":{"line":76,"column":8},"end":{"line":76,"column":16}},{"start":{"line":76,"column":20},"end":{"line":76,"column":99}}],"line":76}},"s":{"0":5,"1":5,"2":5,"3":11,"4":5,"5":5,"6":5,"7":10,"8":5,"9":5,"10":5,"11":5,"12":5,"13":5,"14":5,"15":5},"f":{"0":5,"1":5,"2":5,"3":5,"4":5},"b":{"0":[4],"1":[5,2],"2":[5,4]},"_coverageSchema":"1a1c01bbd47fc00a2c39e90264f33305004495a9","hash":"202af8cda70932caabe2bc6255ef32935691dfab"}
,"/Users/itagibaalix/Dev/platform/front/components/Button/index.tsx": {"path":"/Users/itagibaalix/Dev/platform/front/components/Button/index.tsx","statementMap":{"0":{"start":{"line":15,"column":23},"end":{"line":21,"column":2}},"1":{"start":{"line":15,"column":74},"end":{"line":21,"column":1}},"2":{"start":{"line":23,"column":18},"end":{"line":35,"column":3}},"3":{"start":{"line":23,"column":47},"end":{"line":35,"column":2}},"4":{"start":{"line":31,"column":36},"end":{"line":31,"column":85}},"5":{"start":{"line":32,"column":34},"end":{"line":32,"column":83}},"6":{"start":{"line":33,"column":36},"end":{"line":33,"column":85}},"7":{"start":{"line":34,"column":36},"end":{"line":34,"column":85}},"8":{"start":{"line":53,"column":15},"end":{"line":69,"column":2}},"9":{"start":{"line":56,"column":18},"end":{"line":56,"column":57}},"10":{"start":{"line":57,"column":2},"end":{"line":68,"column":4}}},"fnMap":{"0":{"name":"(anonymous_0)","decl":{"start":{"line":15,"column":23},"end":{"line":15,"column":24}},"loc":{"start":{"line":15,"column":74},"end":{"line":21,"column":1}},"line":15},"1":{"name":"(anonymous_1)","decl":{"start":{"line":23,"column":29},"end":{"line":23,"column":30}},"loc":{"start":{"line":23,"column":47},"end":{"line":35,"column":2}},"line":23},"2":{"name":"(anonymous_2)","decl":{"start":{"line":31,"column":11},"end":{"line":31,"column":12}},"loc":{"start":{"line":31,"column":36},"end":{"line":31,"column":85}},"line":31},"3":{"name":"(anonymous_3)","decl":{"start":{"line":32,"column":9},"end":{"line":32,"column":10}},"loc":{"start":{"line":32,"column":34},"end":{"line":32,"column":83}},"line":32},"4":{"name":"(anonymous_4)","decl":{"start":{"line":33,"column":11},"end":{"line":33,"column":12}},"loc":{"start":{"line":33,"column":36},"end":{"line":33,"column":85}},"line":33},"5":{"name":"(anonymous_5)","decl":{"start":{"line":34,"column":11},"end":{"line":34,"column":12}},"loc":{"start":{"line":34,"column":36},"end":{"line":34,"column":85}},"line":34},"6":{"name":"(anonymous_6)","decl":{"start":{"line":53,"column":32},"end":{"line":53,"column":33}},"loc":{"start":{"line":55,"column":67},"end":{"line":69,"column":1}},"line":55}},"branchMap":{"0":{"loc":{"start":{"line":16,"column":13},"end":{"line":16,"column":84}},"type":"cond-expr","locations":[{"start":{"line":16,"column":45},"end":{"line":16,"column":77}},{"start":{"line":16,"column":80},"end":{"line":16,"column":84}}],"line":16},"1":{"loc":{"start":{"line":17,"column":14},"end":{"line":18,"column":32}},"type":"cond-expr","locations":[{"start":{"line":18,"column":6},"end":{"line":18,"column":16}},{"start":{"line":18,"column":19},"end":{"line":18,"column":32}}],"line":17},"2":{"loc":{"start":{"line":17,"column":14},"end":{"line":17,"column":71}},"type":"binary-expr","locations":[{"start":{"line":17,"column":14},"end":{"line":17,"column":43}},{"start":{"line":17,"column":47},"end":{"line":17,"column":71}}],"line":17},"3":{"loc":{"start":{"line":19,"column":10},"end":{"line":19,"column":75}},"type":"cond-expr","locations":[{"start":{"line":19,"column":41},"end":{"line":19,"column":66}},{"start":{"line":19,"column":69},"end":{"line":19,"column":75}}],"line":19},"4":{"loc":{"start":{"line":20,"column":9},"end":{"line":20,"column":61}},"type":"cond-expr","locations":[{"start":{"line":20,"column":41},"end":{"line":20,"column":51}},{"start":{"line":20,"column":54},"end":{"line":20,"column":61}}],"line":20},"5":{"loc":{"start":{"line":54,"column":32},"end":{"line":54,"column":49}},"type":"default-arg","locations":[{"start":{"line":54,"column":40},"end":{"line":54,"column":49}}],"line":54},"6":{"loc":{"start":{"line":54,"column":51},"end":{"line":54,"column":67}},"type":"default-arg","locations":[{"start":{"line":54,"column":62},"end":{"line":54,"column":67}}],"line":54}},"s":{"0":16,"1":152,"2":16,"3":16,"4":38,"5":38,"6":38,"7":38,"8":16,"9":38,"10":38},"f":{"0":152,"1":16,"2":38,"3":38,"4":38,"5":38,"6":38},"b":{"0":[88,64],"1":[88,64],"2":[152,88],"3":[52,100],"4":[64,88],"5":[29],"6":[38]},"_coverageSchema":"1a1c01bbd47fc00a2c39e90264f33305004495a9","hash":"ac529589e7c897f6d1ae3ff46429c38be690f67f"}
,"/Users/itagibaalix/Dev/platform/front/components/ButtonLink/index.tsx": {"path":"/Users/itagibaalix/Dev/platform/front/components/ButtonLink/index.tsx","statementMap":{"0":{"start":{"line":8,"column":19},"end":{"line":14,"column":1}},"1":{"start":{"line":10,"column":4},"end":{"line":12,"column":11}}},"fnMap":{"0":{"name":"(anonymous_0)","decl":{"start":{"line":9,"column":2},"end":{"line":9,"column":3}},"loc":{"start":{"line":10,"column":4},"end":{"line":12,"column":11}},"line":10}},"branchMap":{},"s":{"0":9,"1":13},"f":{"0":13},"b":{},"_coverageSchema":"1a1c01bbd47fc00a2c39e90264f33305004495a9","hash":"2533862869cc391510c5433eca90b082da7a72ec"}
,"/Users/itagibaalix/Dev/platform/front/components/Head/index.tsx": {"path":"/Users/itagibaalix/Dev/platform/front/components/Head/index.tsx","statementMap":{"0":{"start":{"line":8,"column":2},"end":{"line":12,"column":4}}},"fnMap":{"0":{"name":"Head","decl":{"start":{"line":7,"column":9},"end":{"line":7,"column":13}},"loc":{"start":{"line":7,"column":49},"end":{"line":13,"column":1}},"line":7}},"branchMap":{},"s":{"0":8},"f":{"0":8},"b":{},"_coverageSchema":"1a1c01bbd47fc00a2c39e90264f33305004495a9","hash":"b5d965ae0f6414c5db485db7831958c33be1dee4"}
,"/Users/itagibaalix/Dev/platform/front/components/Layout/index.tsx": {"path":"/Users/itagibaalix/Dev/platform/front/components/Layout/index.tsx","statementMap":{"0":{"start":{"line":7,"column":18},"end":{"line":11,"column":3}},"1":{"start":{"line":7,"column":36},"end":{"line":11,"column":1}},"2":{"start":{"line":18,"column":18},"end":{"line":18,"column":29}},"3":{"start":{"line":20,"column":2},"end":{"line":28,"column":4}}},"fnMap":{"0":{"name":"(anonymous_0)","decl":{"start":{"line":7,"column":29},"end":{"line":7,"column":30}},"loc":{"start":{"line":7,"column":36},"end":{"line":11,"column":1}},"line":7},"1":{"name":"Layout","decl":{"start":{"line":17,"column":9},"end":{"line":17,"column":15}},"loc":{"start":{"line":17,"column":56},"end":{"line":29,"column":1}},"line":17}},"branchMap":{},"s":{"0":7,"1":6,"2":6,"3":6},"f":{"0":6,"1":6},"b":{},"_coverageSchema":"1a1c01bbd47fc00a2c39e90264f33305004495a9","hash":"c031924f78b8e19bfb644c6bf4a2fc19a8a0a7f5"}
,"/Users/itagibaalix/Dev/platform/front/components/Layout/Footer/index.tsx": {"path":"/Users/itagibaalix/Dev/platform/front/components/Layout/Footer/index.tsx","statementMap":{"0":{"start":{"line":5,"column":18},"end":{"line":35,"column":3}},"1":{"start":{"line":5,"column":41},"end":{"line":35,"column":1}},"2":{"start":{"line":38,"column":18},"end":{"line":38,"column":29}},"3":{"start":{"line":40,"column":2},"end":{"line":83,"column":4}}},"fnMap":{"0":{"name":"(anonymous_0)","decl":{"start":{"line":5,"column":29},"end":{"line":5,"column":30}},"loc":{"start":{"line":5,"column":41},"end":{"line":35,"column":1}},"line":5},"1":{"name":"Footer","decl":{"start":{"line":37,"column":9},"end":{"line":37,"column":15}},"loc":{"start":{"line":37,"column":31},"end":{"line":84,"column":1}},"line":37}},"branchMap":{},"s":{"0":8,"1":7,"2":7,"3":7},"f":{"0":7,"1":7},"b":{},"_coverageSchema":"1a1c01bbd47fc00a2c39e90264f33305004495a9","hash":"ba2c64e19cf083faa8e68a4bd4d737fa91411422"}
,"/Users/itagibaalix/Dev/platform/front/components/Layout/Header/index.tsx": {"path":"/Users/itagibaalix/Dev/platform/front/components/Layout/Header/index.tsx","statementMap":{"0":{"start":{"line":12,"column":18},"end":{"line":30,"column":3}},"1":{"start":{"line":12,"column":41},"end":{"line":30,"column":1}},"2":{"start":{"line":33,"column":18},"end":{"line":33,"column":29}},"3":{"start":{"line":34,"column":27},"end":{"line":34,"column":87}},"4":{"start":{"line":36,"column":2},"end":{"line":54,"column":4}}},"fnMap":{"0":{"name":"(anonymous_0)","decl":{"start":{"line":12,"column":29},"end":{"line":12,"column":30}},"loc":{"start":{"line":12,"column":41},"end":{"line":30,"column":1}},"line":12},"1":{"name":"Header","decl":{"start":{"line":32,"column":9},"end":{"line":32,"column":15}},"loc":{"start":{"line":32,"column":31},"end":{"line":55,"column":1}},"line":32}},"branchMap":{"0":{"loc":{"start":{"line":38,"column":17},"end":{"line":38,"column":41}},"type":"cond-expr","locations":[{"start":{"line":38,"column":36},"end":{"line":38,"column":37}},{"start":{"line":38,"column":40},"end":{"line":38,"column":41}}],"line":38}},"s":{"0":7,"1":6,"2":6,"3":6,"4":6},"f":{"0":6,"1":6},"b":{"0":[0,6]},"_coverageSchema":"1a1c01bbd47fc00a2c39e90264f33305004495a9","hash":"165a95ab56cfe59fad1f7fe714943b94b19d1ffc"}
,"/Users/itagibaalix/Dev/platform/front/components/Layout/Header/RightNav/index.tsx": {"path":"/Users/itagibaalix/Dev/platform/front/components/Layout/Header/RightNav/index.tsx","statementMap":{"0":{"start":{"line":10,"column":18},"end":{"line":17,"column":3}},"1":{"start":{"line":10,"column":41},"end":{"line":17,"column":1}},"2":{"start":{"line":20,"column":16},"end":{"line":20,"column":26}},"3":{"start":{"line":21,"column":19},"end":{"line":21,"column":62}},"4":{"start":{"line":22,"column":17},"end":{"line":22,"column":28}},"5":{"start":{"line":23,"column":18},"end":{"line":23,"column":29}},"6":{"start":{"line":25,"column":2},"end":{"line":29,"column":3}},"7":{"start":{"line":26,"column":4},"end":{"line":28,"column":6}},"8":{"start":{"line":31,"column":2},"end":{"line":44,"column":4}}},"fnMap":{"0":{"name":"(anonymous_0)","decl":{"start":{"line":10,"column":29},"end":{"line":10,"column":30}},"loc":{"start":{"line":10,"column":41},"end":{"line":17,"column":1}},"line":10},"1":{"name":"RightNav","decl":{"start":{"line":19,"column":9},"end":{"line":19,"column":17}},"loc":{"start":{"line":19,"column":33},"end":{"line":45,"column":1}},"line":19}},"branchMap":{"0":{"loc":{"start":{"line":25,"column":2},"end":{"line":29,"column":3}},"type":"if","locations":[{"start":{"line":25,"column":2},"end":{"line":29,"column":3}},{"start":{"line":25,"column":2},"end":{"line":29,"column":3}}],"line":25},"1":{"loc":{"start":{"line":33,"column":8},"end":{"line":42,"column":7}},"type":"cond-expr","locations":[{"start":{"line":33,"column":18},"end":{"line":33,"column":30}},{"start":{"line":34,"column":8},"end":{"line":41,"column":14}}],"line":33}},"s":{"0":7,"1":6,"2":6,"3":6,"4":6,"5":6,"6":6,"7":0,"8":6},"f":{"0":6,"1":6},"b":{"0":[0,6],"1":[0,6]},"_coverageSchema":"1a1c01bbd47fc00a2c39e90264f33305004495a9","hash":"8d72cba346b64943d71eea352b80c8a127c11061"}
,"/Users/itagibaalix/Dev/platform/front/components/Layout/Header/RightNav/MobileMenu/index.tsx": {"path":"/Users/itagibaalix/Dev/platform/front/components/Layout/Header/RightNav/MobileMenu/index.tsx","statementMap":{"0":{"start":{"line":12,"column":18},"end":{"line":44,"column":3}},"1":{"start":{"line":12,"column":41},"end":{"line":44,"column":1}},"2":{"start":{"line":47,"column":17},"end":{"line":47,"column":28}},"3":{"start":{"line":48,"column":34},"end":{"line":48,"column":68}},"4":{"start":{"line":49,"column":17},"end":{"line":49,"column":28}},"5":{"start":{"line":50,"column":17},"end":{"line":50,"column":28}},"6":{"start":{"line":52,"column":22},"end":{"line":54,"column":3}},"7":{"start":{"line":53,"column":4},"end":{"line":53,"column":37}},"8":{"start":{"line":56,"column":22},"end":{"line":58,"column":3}},"9":{"start":{"line":57,"column":4},"end":{"line":57,"column":22}},"10":{"start":{"line":60,"column":2},"end":{"line":94,"column":4}}},"fnMap":{"0":{"name":"(anonymous_0)","decl":{"start":{"line":12,"column":29},"end":{"line":12,"column":30}},"loc":{"start":{"line":12,"column":41},"end":{"line":44,"column":1}},"line":12},"1":{"name":"MobileMenu","decl":{"start":{"line":46,"column":9},"end":{"line":46,"column":19}},"loc":{"start":{"line":46,"column":35},"end":{"line":95,"column":1}},"line":46},"2":{"name":"(anonymous_2)","decl":{"start":{"line":52,"column":22},"end":{"line":52,"column":23}},"loc":{"start":{"line":52,"column":70},"end":{"line":54,"column":3}},"line":52},"3":{"name":"(anonymous_3)","decl":{"start":{"line":56,"column":22},"end":{"line":56,"column":23}},"loc":{"start":{"line":56,"column":34},"end":{"line":58,"column":3}},"line":56}},"branchMap":{"0":{"loc":{"start":{"line":63,"column":9},"end":{"line":63,"column":96}},"type":"cond-expr","locations":[{"start":{"line":63,"column":20},"end":{"line":63,"column":57}},{"start":{"line":63,"column":60},"end":{"line":63,"column":96}}],"line":63},"1":{"loc":{"start":{"line":80,"column":9},"end":{"line":91,"column":9}},"type":"cond-expr","locations":[{"start":{"line":80,"column":18},"end":{"line":84,"column":9}},{"start":{"line":84,"column":12},"end":{"line":91,"column":9}}],"line":80}},"s":{"0":8,"1":1,"2":1,"3":1,"4":1,"5":1,"6":1,"7":0,"8":1,"9":0,"10":1},"f":{"0":1,"1":1,"2":0,"3":0},"b":{"0":[0,1],"1":[0,1]},"_coverageSchema":"1a1c01bbd47fc00a2c39e90264f33305004495a9","hash":"661e5251296f46f70b26e433078bd690a382627e"}
,"/Users/itagibaalix/Dev/platform/front/components/Layout/Header/RightNav/UserCard/index.tsx": {"path":"/Users/itagibaalix/Dev/platform/front/components/Layout/Header/RightNav/UserCard/index.tsx","statementMap":{"0":{"start":{"line":17,"column":18},"end":{"line":57,"column":3}},"1":{"start":{"line":17,"column":41},"end":{"line":57,"column":1}},"2":{"start":{"line":60,"column":26},"end":{"line":60,"column":41}},"3":{"start":{"line":61,"column":20},"end":{"line":61,"column":32}},"4":{"start":{"line":62,"column":18},"end":{"line":62,"column":29}},"5":{"start":{"line":63,"column":17},"end":{"line":63,"column":28}},"6":{"start":{"line":64,"column":17},"end":{"line":64,"column":28}},"7":{"start":{"line":65,"column":17},"end":{"line":65,"column":28}},"8":{"start":{"line":66,"column":23},"end":{"line":69,"column":3}},"9":{"start":{"line":67,"column":4},"end":{"line":67,"column":41}},"10":{"start":{"line":68,"column":4},"end":{"line":68,"column":19}},"11":{"start":{"line":71,"column":2},"end":{"line":73,"column":3}},"12":{"start":{"line":72,"column":4},"end":{"line":72,"column":16}},"13":{"start":{"line":75,"column":23},"end":{"line":77,"column":3}},"14":{"start":{"line":76,"column":4},"end":{"line":76,"column":37}},"15":{"start":{"line":76,"column":26},"end":{"line":76,"column":35}},"16":{"start":{"line":79,"column":22},"end":{"line":85,"column":3}},"17":{"start":{"line":80,"column":4},"end":{"line":82,"column":5}},"18":{"start":{"line":81,"column":6},"end":{"line":81,"column":13}},"19":{"start":{"line":84,"column":4},"end":{"line":84,"column":19}},"20":{"start":{"line":87,"column":2},"end":{"line":148,"column":4}},"21":{"start":{"line":113,"column":10},"end":{"line":144,"column":17}}},"fnMap":{"0":{"name":"(anonymous_0)","decl":{"start":{"line":17,"column":29},"end":{"line":17,"column":30}},"loc":{"start":{"line":17,"column":41},"end":{"line":57,"column":1}},"line":17},"1":{"name":"UserCard","decl":{"start":{"line":59,"column":9},"end":{"line":59,"column":17}},"loc":{"start":{"line":59,"column":33},"end":{"line":149,"column":1}},"line":59},"2":{"name":"(anonymous_2)","decl":{"start":{"line":66,"column":23},"end":{"line":66,"column":24}},"loc":{"start":{"line":66,"column":35},"end":{"line":69,"column":3}},"line":66},"3":{"name":"(anonymous_3)","decl":{"start":{"line":75,"column":23},"end":{"line":75,"column":24}},"loc":{"start":{"line":75,"column":35},"end":{"line":77,"column":3}},"line":75},"4":{"name":"(anonymous_4)","decl":{"start":{"line":76,"column":12},"end":{"line":76,"column":13}},"loc":{"start":{"line":76,"column":26},"end":{"line":76,"column":35}},"line":76},"5":{"name":"(anonymous_5)","decl":{"start":{"line":79,"column":22},"end":{"line":79,"column":23}},"loc":{"start":{"line":79,"column":95},"end":{"line":85,"column":3}},"line":79},"6":{"name":"(anonymous_6)","decl":{"start":{"line":112,"column":9},"end":{"line":112,"column":10}},"loc":{"start":{"line":113,"column":10},"end":{"line":144,"column":17}},"line":113}},"branchMap":{"0":{"loc":{"start":{"line":71,"column":2},"end":{"line":73,"column":3}},"type":"if","locations":[{"start":{"line":71,"column":2},"end":{"line":73,"column":3}},{"start":{"line":71,"column":2},"end":{"line":73,"column":3}}],"line":71},"1":{"loc":{"start":{"line":80,"column":4},"end":{"line":82,"column":5}},"type":"if","locations":[{"start":{"line":80,"column":4},"end":{"line":82,"column":5}},{"start":{"line":80,"column":4},"end":{"line":82,"column":5}}],"line":80},"2":{"loc":{"start":{"line":93,"column":23},"end":{"line":93,"column":58}},"type":"cond-expr","locations":[{"start":{"line":93,"column":30},"end":{"line":93,"column":46}},{"start":{"line":93,"column":49},"end":{"line":93,"column":58}}],"line":93},"3":{"loc":{"start":{"line":103,"column":9},"end":{"line":103,"column":47}},"type":"cond-expr","locations":[{"start":{"line":103,"column":16},"end":{"line":103,"column":30}},{"start":{"line":103,"column":33},"end":{"line":103,"column":47}}],"line":103}},"s":{"0":8,"1":2,"2":2,"3":2,"4":2,"5":2,"6":2,"7":2,"8":2,"9":0,"10":0,"11":2,"12":1,"13":1,"14":0,"15":0,"16":1,"17":0,"18":0,"19":0,"20":1,"21":0},"f":{"0":2,"1":2,"2":0,"3":0,"4":0,"5":0,"6":0},"b":{"0":[1,1],"1":[0,0],"2":[0,1],"3":[0,1]},"_coverageSchema":"1a1c01bbd47fc00a2c39e90264f33305004495a9","hash":"18142cbb2a394196f3866cebd06189b843fbd7b2"}
,"/Users/itagibaalix/Dev/platform/front/components/Layout/Header/RightNav/UserCard/MenuItemLink/index.tsx": {"path":"/Users/itagibaalix/Dev/platform/front/components/Layout/Header/RightNav/UserCard/MenuItemLink/index.tsx","statementMap":{"0":{"start":{"line":13,"column":21},"end":{"line":21,"column":2}},"1":{"start":{"line":18,"column":2},"end":{"line":20,"column":9}}},"fnMap":{"0":{"name":"(anonymous_0)","decl":{"start":{"line":13,"column":32},"end":{"line":13,"column":33}},"loc":{"start":{"line":18,"column":2},"end":{"line":20,"column":9}},"line":18}},"branchMap":{},"s":{"0":9,"1":1},"f":{"0":1},"b":{},"_coverageSchema":"1a1c01bbd47fc00a2c39e90264f33305004495a9","hash":"28aed4a96ec2b3172fea2f08b5005343d0b8aa45"}
,"/Users/itagibaalix/Dev/platform/front/components/Layout/Header/SearchBar/index.tsx": {"path":"/Users/itagibaalix/Dev/platform/front/components/Layout/Header/SearchBar/index.tsx","statementMap":{"0":{"start":{"line":11,"column":17},"end":{"line":11,"column":28}},"1":{"start":{"line":12,"column":17},"end":{"line":12,"column":37}},"2":{"start":{"line":15,"column":4},"end":{"line":17,"column":5}},"3":{"start":{"line":16,"column":6},"end":{"line":16,"column":72}},"4":{"start":{"line":20,"column":2},"end":{"line":26,"column":4}}},"fnMap":{"0":{"name":"SearchBar","decl":{"start":{"line":10,"column":9},"end":{"line":10,"column":18}},"loc":{"start":{"line":10,"column":63},"end":{"line":27,"column":1}},"line":10},"1":{"name":"handleSubmit","decl":{"start":{"line":14,"column":11},"end":{"line":14,"column":23}},"loc":{"start":{"line":14,"column":58},"end":{"line":18,"column":3}},"line":14}},"branchMap":{"0":{"loc":{"start":{"line":12,"column":17},"end":{"line":12,"column":37}},"type":"binary-expr","locations":[{"start":{"line":12,"column":17},"end":{"line":12,"column":31}},{"start":{"line":12,"column":35},"end":{"line":12,"column":37}}],"line":12},"1":{"loc":{"start":{"line":15,"column":4},"end":{"line":17,"column":5}},"type":"if","locations":[{"start":{"line":15,"column":4},"end":{"line":17,"column":5}},{"start":{"line":15,"column":4},"end":{"line":17,"column":5}}],"line":15}},"s":{"0":7,"1":7,"2":0,"3":0,"4":7},"f":{"0":7,"1":0},"b":{"0":[7,7],"1":[0,0]},"_coverageSchema":"1a1c01bbd47fc00a2c39e90264f33305004495a9","hash":"8330cbb43950b277bc4ee1856166d5be15bfc761"}
,"/Users/itagibaalix/Dev/platform/front/components/Logo/index.tsx": {"path":"/Users/itagibaalix/Dev/platform/front/components/Logo/index.tsx","statementMap":{"0":{"start":{"line":6,"column":2},"end":{"line":8,"column":3}},"1":{"start":{"line":7,"column":4},"end":{"line":7,"column":14}},"2":{"start":{"line":8,"column":4},"end":{"line":10,"column":3}},"3":{"start":{"line":9,"column":4},"end":{"line":9,"column":14}},"4":{"start":{"line":10,"column":4},"end":{"line":12,"column":3}},"5":{"start":{"line":11,"column":4},"end":{"line":11,"column":14}},"6":{"start":{"line":13,"column":2},"end":{"line":13,"column":12}},"7":{"start":{"line":17,"column":31},"end":{"line":17,"column":37}},"8":{"start":{"line":18,"column":32},"end":{"line":18,"column":38}},"9":{"start":{"line":20,"column":2},"end":{"line":42,"column":3}},"10":{"start":{"line":21,"column":4},"end":{"line":31,"column":5}},"11":{"start":{"line":22,"column":6},"end":{"line":22,"column":19}},"12":{"start":{"line":23,"column":11},"end":{"line":31,"column":5}},"13":{"start":{"line":24,"column":6},"end":{"line":24,"column":19}},"14":{"start":{"line":25,"column":11},"end":{"line":31,"column":5}},"15":{"start":{"line":26,"column":6},"end":{"line":26,"column":18}},"16":{"start":{"line":27,"column":11},"end":{"line":31,"column":5}},"17":{"start":{"line":28,"column":6},"end":{"line":28,"column":18}},"18":{"start":{"line":30,"column":6},"end":{"line":30,"column":22}},"19":{"start":{"line":32,"column":9},"end":{"line":42,"column":3}},"20":{"start":{"line":33,"column":4},"end":{"line":33,"column":16}},"21":{"start":{"line":34,"column":9},"end":{"line":42,"column":3}},"22":{"start":{"line":35,"column":4},"end":{"line":35,"column":16}},"23":{"start":{"line":36,"column":9},"end":{"line":42,"column":3}},"24":{"start":{"line":37,"column":4},"end":{"line":37,"column":16}},"25":{"start":{"line":38,"column":9},"end":{"line":42,"column":3}},"26":{"start":{"line":39,"column":4},"end":{"line":39,"column":16}},"27":{"start":{"line":41,"column":4},"end":{"line":41,"column":19}},"28":{"start":{"line":43,"column":2},"end":{"line":43,"column":29}},"29":{"start":{"line":46,"column":18},"end":{"line":62,"column":3}},"30":{"start":{"line":46,"column":41},"end":{"line":62,"column":1}},"31":{"start":{"line":53,"column":50},"end":{"line":53,"column":73}},"32":{"start":{"line":70,"column":13},"end":{"line":86,"column":1}},"33":{"start":{"line":71,"column":18},"end":{"line":71,"column":37}},"34":{"start":{"line":72,"column":14},"end":{"line":72,"column":73}},"35":{"start":{"line":73,"column":20},"end":{"line":73,"column":39}},"36":{"start":{"line":75,"column":2},"end":{"line":85,"column":4}}},"fnMap":{"0":{"name":"getFontSize","decl":{"start":{"line":5,"column":9},"end":{"line":5,"column":20}},"loc":{"start":{"line":5,"column":43},"end":{"line":14,"column":1}},"line":5},"1":{"name":"getSize","decl":{"start":{"line":16,"column":9},"end":{"line":16,"column":16}},"loc":{"start":{"line":16,"column":97},"end":{"line":44,"column":1}},"line":16},"2":{"name":"(anonymous_2)","decl":{"start":{"line":46,"column":29},"end":{"line":46,"column":30}},"loc":{"start":{"line":46,"column":41},"end":{"line":62,"column":1}},"line":46},"3":{"name":"(anonymous_3)","decl":{"start":{"line":53,"column":14},"end":{"line":53,"column":15}},"loc":{"start":{"line":53,"column":50},"end":{"line":53,"column":73}},"line":53},"4":{"name":"(anonymous_4)","decl":{"start":{"line":70,"column":13},"end":{"line":70,"column":14}},"loc":{"start":{"line":70,"column":87},"end":{"line":86,"column":1}},"line":70}},"branchMap":{"0":{"loc":{"start":{"line":6,"column":2},"end":{"line":8,"column":3}},"type":"if","locations":[{"start":{"line":6,"column":2},"end":{"line":8,"column":3}},{"start":{"line":6,"column":2},"end":{"line":8,"column":3}}],"line":6},"1":{"loc":{"start":{"line":8,"column":4},"end":{"line":10,"column":3}},"type":"if","locations":[{"start":{"line":8,"column":4},"end":{"line":10,"column":3}},{"start":{"line":8,"column":4},"end":{"line":10,"column":3}}],"line":8},"2":{"loc":{"start":{"line":10,"column":4},"end":{"line":12,"column":3}},"type":"if","locations":[{"start":{"line":10,"column":4},"end":{"line":12,"column":3}},{"start":{"line":10,"column":4},"end":{"line":12,"column":3}}],"line":10},"3":{"loc":{"start":{"line":20,"column":2},"end":{"line":42,"column":3}},"type":"if","locations":[{"start":{"line":20,"column":2},"end":{"line":42,"column":3}},{"start":{"line":20,"column":2},"end":{"line":42,"column":3}}],"line":20},"4":{"loc":{"start":{"line":21,"column":4},"end":{"line":31,"column":5}},"type":"if","locations":[{"start":{"line":21,"column":4},"end":{"line":31,"column":5}},{"start":{"line":21,"column":4},"end":{"line":31,"column":5}}],"line":21},"5":{"loc":{"start":{"line":23,"column":11},"end":{"line":31,"column":5}},"type":"if","locations":[{"start":{"line":23,"column":11},"end":{"line":31,"column":5}},{"start":{"line":23,"column":11},"end":{"line":31,"column":5}}],"line":23},"6":{"loc":{"start":{"line":25,"column":11},"end":{"line":31,"column":5}},"type":"if","locations":[{"start":{"line":25,"column":11},"end":{"line":31,"column":5}},{"start":{"line":25,"column":11},"end":{"line":31,"column":5}}],"line":25},"7":{"loc":{"start":{"line":27,"column":11},"end":{"line":31,"column":5}},"type":"if","locations":[{"start":{"line":27,"column":11},"end":{"line":31,"column":5}},{"start":{"line":27,"column":11},"end":{"line":31,"column":5}}],"line":27},"8":{"loc":{"start":{"line":32,"column":9},"end":{"line":42,"column":3}},"type":"if","locations":[{"start":{"line":32,"column":9},"end":{"line":42,"column":3}},{"start":{"line":32,"column":9},"end":{"line":42,"column":3}}],"line":32},"9":{"loc":{"start":{"line":34,"column":9},"end":{"line":42,"column":3}},"type":"if","locations":[{"start":{"line":34,"column":9},"end":{"line":42,"column":3}},{"start":{"line":34,"column":9},"end":{"line":42,"column":3}}],"line":34},"10":{"loc":{"start":{"line":36,"column":9},"end":{"line":42,"column":3}},"type":"if","locations":[{"start":{"line":36,"column":9},"end":{"line":42,"column":3}},{"start":{"line":36,"column":9},"end":{"line":42,"column":3}}],"line":36},"11":{"loc":{"start":{"line":38,"column":9},"end":{"line":42,"column":3}},"type":"if","locations":[{"start":{"line":38,"column":9},"end":{"line":42,"column":3}},{"start":{"line":38,"column":9},"end":{"line":42,"column":3}}],"line":38},"12":{"loc":{"start":{"line":70,"column":16},"end":{"line":70,"column":32}},"type":"default-arg","locations":[{"start":{"line":70,"column":23},"end":{"line":70,"column":32}}],"line":70},"13":{"loc":{"start":{"line":70,"column":34},"end":{"line":70,"column":45}},"type":"default-arg","locations":[{"start":{"line":70,"column":41},"end":{"line":70,"column":45}}],"line":70},"14":{"loc":{"start":{"line":72,"column":14},"end":{"line":72,"column":73}},"type":"cond-expr","locations":[{"start":{"line":72,"column":32},"end":{"line":72,"column":52}},{"start":{"line":72,"column":55},"end":{"line":72,"column":73}}],"line":72},"15":{"loc":{"start":{"line":81,"column":12},"end":{"line":81,"column":110}},"type":"binary-expr","locations":[{"start":{"line":81,"column":12},"end":{"line":81,"column":31}},{"start":{"line":81,"column":36},"end":{"line":81,"column":109}}],"line":81}},"s":{"0":28,"1":4,"2":24,"3":6,"4":18,"5":2,"6":16,"7":28,"8":28,"9":28,"10":11,"11":1,"12":10,"13":1,"14":9,"15":1,"16":8,"17":7,"18":1,"19":17,"20":3,"21":14,"22":5,"23":9,"24":1,"25":8,"26":7,"27":1,"28":28,"29":11,"30":19,"31":28,"32":11,"33":28,"34":28,"35":28,"36":28},"f":{"0":28,"1":28,"2":19,"3":28,"4":28},"b":{"0":[4,24],"1":[6,18],"2":[2,16],"3":[11,17],"4":[1,10],"5":[1,9],"6":[1,8],"7":[7,1],"8":[3,14],"9":[5,9],"10":[1,8],"11":[7,1],"12":[1],"13":[2],"14":[11,17],"15":[28,8]},"_coverageSchema":"1a1c01bbd47fc00a2c39e90264f33305004495a9","hash":"36cd1290f3c7fe9bfd58567d5ce2f9054c5eb5f5"}
,"/Users/itagibaalix/Dev/platform/front/components/PackageCard/index.tsx": {"path":"/Users/itagibaalix/Dev/platform/front/components/PackageCard/index.tsx","statementMap":{"0":{"start":{"line":12,"column":18},"end":{"line":61,"column":3}},"1":{"start":{"line":12,"column":47},"end":{"line":61,"column":2}},"2":{"start":{"line":64,"column":18},"end":{"line":64,"column":44}},"3":{"start":{"line":65,"column":35},"end":{"line":65,"column":46}},"4":{"start":{"line":66,"column":15},"end":{"line":66,"column":43}},"5":{"start":{"line":68,"column":2},"end":{"line":91,"column":4}}},"fnMap":{"0":{"name":"(anonymous_0)","decl":{"start":{"line":12,"column":29},"end":{"line":12,"column":30}},"loc":{"start":{"line":12,"column":47},"end":{"line":61,"column":2}},"line":12},"1":{"name":"PackageCard","decl":{"start":{"line":63,"column":9},"end":{"line":63,"column":20}},"loc":{"start":{"line":63,"column":69},"end":{"line":92,"column":1}},"line":63}},"branchMap":{},"s":{"0":3,"1":1,"2":1,"3":1,"4":1,"5":1},"f":{"0":1,"1":1},"b":{},"_coverageSchema":"1a1c01bbd47fc00a2c39e90264f33305004495a9","hash":"b75d73aea1f9643c72c5aaf47730400d80a8804f"}
,"/Users/itagibaalix/Dev/platform/front/components/PasswordInput/index.tsx": {"path":"/Users/itagibaalix/Dev/platform/front/components/PasswordInput/index.tsx","statementMap":{"0":{"start":{"line":12,"column":18},"end":{"line":14,"column":3}},"1":{"start":{"line":12,"column":41},"end":{"line":14,"column":1}},"2":{"start":{"line":16,"column":22},"end":{"line":43,"column":1}},"3":{"start":{"line":17,"column":35},"end":{"line":17,"column":50}},"4":{"start":{"line":18,"column":18},"end":{"line":18,"column":29}},"5":{"start":{"line":20,"column":34},"end":{"line":22,"column":3}},"6":{"start":{"line":21,"column":4},"end":{"line":21,"column":29}},"7":{"start":{"line":21,"column":25},"end":{"line":21,"column":27}},"8":{"start":{"line":24,"column":2},"end":{"line":42,"column":4}}},"fnMap":{"0":{"name":"(anonymous_0)","decl":{"start":{"line":12,"column":29},"end":{"line":12,"column":30}},"loc":{"start":{"line":12,"column":41},"end":{"line":14,"column":1}},"line":12},"1":{"name":"(anonymous_1)","decl":{"start":{"line":16,"column":22},"end":{"line":16,"column":23}},"loc":{"start":{"line":16,"column":66},"end":{"line":43,"column":1}},"line":16},"2":{"name":"(anonymous_2)","decl":{"start":{"line":20,"column":34},"end":{"line":20,"column":35}},"loc":{"start":{"line":20,"column":46},"end":{"line":22,"column":3}},"line":20},"3":{"name":"(anonymous_3)","decl":{"start":{"line":21,"column":18},"end":{"line":21,"column":19}},"loc":{"start":{"line":21,"column":25},"end":{"line":21,"column":27}},"line":21}},"branchMap":{"0":{"loc":{"start":{"line":26,"column":12},"end":{"line":26,"column":41}},"type":"cond-expr","locations":[{"start":{"line":26,"column":22},"end":{"line":26,"column":28}},{"start":{"line":26,"column":31},"end":{"line":26,"column":41}}],"line":26},"1":{"loc":{"start":{"line":36,"column":7},"end":{"line":36,"column":51}},"type":"cond-expr","locations":[{"start":{"line":36,"column":17},"end":{"line":36,"column":31}},{"start":{"line":36,"column":34},"end":{"line":36,"column":51}}],"line":36}},"s":{"0":4,"1":4,"2":4,"3":5,"4":5,"5":5,"6":0,"7":0,"8":5},"f":{"0":4,"1":5,"2":0,"3":0},"b":{"0":[0,5],"1":[0,5]},"_coverageSchema":"1a1c01bbd47fc00a2c39e90264f33305004495a9","hash":"ca3192636411aac165d28e373dad8379d0e21bfa"}
,"/Users/itagibaalix/Dev/platform/front/components/Select/index.tsx": {"path":"/Users/itagibaalix/Dev/platform/front/components/Select/index.tsx","statementMap":{"0":{"start":{"line":13,"column":2},"end":{"line":19,"column":4}}},"fnMap":{"0":{"name":"Select","decl":{"start":{"line":10,"column":9},"end":{"line":10,"column":15}},"loc":{"start":{"line":12,"column":29},"end":{"line":20,"column":1}},"line":12}},"branchMap":{},"s":{"0":1},"f":{"0":1},"b":{},"_coverageSchema":"1a1c01bbd47fc00a2c39e90264f33305004495a9","hash":"a4dc9b356baed7fc1ceb7dc1387f485aac01e47d"}
,"/Users/itagibaalix/Dev/platform/front/components/Select/WrappedMuiSelect/index.tsx": {"path":"/Users/itagibaalix/Dev/platform/front/components/Select/WrappedMuiSelect/index.tsx","statementMap":{"0":{"start":{"line":14,"column":18},"end":{"line":57,"column":3}},"1":{"start":{"line":14,"column":47},"end":{"line":57,"column":2}},"2":{"start":{"line":60,"column":18},"end":{"line":60,"column":29}},"3":{"start":{"line":62,"column":2},"end":{"line":106,"column":4}},"4":{"start":{"line":90,"column":12},"end":{"line":101,"column":23}}},"fnMap":{"0":{"name":"(anonymous_0)","decl":{"start":{"line":14,"column":29},"end":{"line":14,"column":30}},"loc":{"start":{"line":14,"column":47},"end":{"line":57,"column":2}},"line":14},"1":{"name":"WrappedSelect","decl":{"start":{"line":59,"column":9},"end":{"line":59,"column":22}},"loc":{"start":{"line":59,"column":85},"end":{"line":107,"column":1}},"line":59},"2":{"name":"(anonymous_2)","decl":{"start":{"line":89,"column":28},"end":{"line":89,"column":29}},"loc":{"start":{"line":90,"column":12},"end":{"line":101,"column":23}},"line":90}},"branchMap":{},"s":{"0":1,"1":1,"2":1,"3":1,"4":3},"f":{"0":1,"1":1,"2":3},"b":{},"_coverageSchema":"1a1c01bbd47fc00a2c39e90264f33305004495a9","hash":"31020d509dc42bf10ecbfa3621191fdbb503ce26"}
,"/Users/itagibaalix/Dev/platform/front/components/TextInput/index.tsx": {"path":"/Users/itagibaalix/Dev/platform/front/components/TextInput/index.tsx","statementMap":{"0":{"start":{"line":6,"column":18},"end":{"line":10,"column":2}},"1":{"start":{"line":29,"column":18},"end":{"line":54,"column":1}},"2":{"start":{"line":30,"column":24},"end":{"line":30,"column":52}},"3":{"start":{"line":31,"column":18},"end":{"line":31,"column":29}},"4":{"start":{"line":32,"column":30},"end":{"line":32,"column":35}},"5":{"start":{"line":33,"column":19},"end":{"line":33,"column":22}},"6":{"start":{"line":34,"column":2},"end":{"line":38,"column":3}},"7":{"start":{"line":35,"column":4},"end":{"line":35,"column":20}},"8":{"start":{"line":36,"column":9},"end":{"line":38,"column":3}},"9":{"start":{"line":37,"column":4},"end":{"line":37,"column":28}},"10":{"start":{"line":40,"column":2},"end":{"line":53,"column":4}}},"fnMap":{"0":{"name":"(anonymous_0)","decl":{"start":{"line":29,"column":18},"end":{"line":29,"column":19}},"loc":{"start":{"line":29,"column":98},"end":{"line":54,"column":1}},"line":29}},"branchMap":{"0":{"loc":{"start":{"line":29,"column":21},"end":{"line":29,"column":46}},"type":"default-arg","locations":[{"start":{"line":29,"column":41},"end":{"line":29,"column":46}}],"line":29},"1":{"loc":{"start":{"line":34,"column":2},"end":{"line":38,"column":3}},"type":"if","locations":[{"start":{"line":34,"column":2},"end":{"line":38,"column":3}},{"start":{"line":34,"column":2},"end":{"line":38,"column":3}}],"line":34},"2":{"loc":{"start":{"line":36,"column":9},"end":{"line":38,"column":3}},"type":"if","locations":[{"start":{"line":36,"column":9},"end":{"line":38,"column":3}},{"start":{"line":36,"column":9},"end":{"line":38,"column":3}}],"line":36},"3":{"loc":{"start":{"line":36,"column":13},"end":{"line":36,"column":41}},"type":"binary-expr","locations":[{"start":{"line":36,"column":13},"end":{"line":36,"column":25}},{"start":{"line":36,"column":29},"end":{"line":36,"column":41}}],"line":36},"4":{"loc":{"start":{"line":45,"column":16},"end":{"line":45,"column":42}},"type":"binary-expr","locations":[{"start":{"line":45,"column":16},"end":{"line":45,"column":26}},{"start":{"line":45,"column":30},"end":{"line":45,"column":42}}],"line":45}},"s":{"0":15,"1":15,"2":23,"3":23,"4":23,"5":23,"6":23,"7":9,"8":14,"9":0,"10":23},"f":{"0":23},"b":{"0":[13],"1":[9,14],"2":[0,14],"3":[14,0],"4":[23,0]},"_coverageSchema":"1a1c01bbd47fc00a2c39e90264f33305004495a9","hash":"f7c3bf0401365cc6560f994b73fe3cd2d142cf57"}
,"/Users/itagibaalix/Dev/platform/front/components/TextLink/index.tsx": {"path":"/Users/itagibaalix/Dev/platform/front/components/TextLink/index.tsx","statementMap":{"0":{"start":{"line":12,"column":17},"end":{"line":20,"column":1}},"1":{"start":{"line":15,"column":2},"end":{"line":19,"column":9}}},"fnMap":{"0":{"name":"(anonymous_0)","decl":{"start":{"line":12,"column":17},"end":{"line":12,"column":18}},"loc":{"start":{"line":15,"column":2},"end":{"line":19,"column":9}},"line":15}},"branchMap":{},"s":{"0":5,"1":4},"f":{"0":4},"b":{},"_coverageSchema":"1a1c01bbd47fc00a2c39e90264f33305004495a9","hash":"b098ade17afe18fba966522b4c57a612f1b2d9de"}
,"/Users/itagibaalix/Dev/platform/front/components/pages/Homepage/index.tsx": {"path":"/Users/itagibaalix/Dev/platform/front/components/pages/Homepage/index.tsx","statementMap":{"0":{"start":{"line":6,"column":2},"end":{"line":12,"column":4}}},"fnMap":{"0":{"name":"Homepage","decl":{"start":{"line":5,"column":9},"end":{"line":5,"column":17}},"loc":{"start":{"line":5,"column":33},"end":{"line":13,"column":1}},"line":5}},"branchMap":{},"s":{"0":2},"f":{"0":2},"b":{},"_coverageSchema":"1a1c01bbd47fc00a2c39e90264f33305004495a9","hash":"17dea8e640c4a78ea679a90b6d77ab0bb36e07f5"}
,"/Users/itagibaalix/Dev/platform/front/components/pages/Homepage/AnnexInfo/index.tsx": {"path":"/Users/itagibaalix/Dev/platform/front/components/pages/Homepage/AnnexInfo/index.tsx","statementMap":{"0":{"start":{"line":7,"column":18},"end":{"line":54,"column":3}},"1":{"start":{"line":7,"column":41},"end":{"line":54,"column":1}},"2":{"start":{"line":57,"column":18},"end":{"line":57,"column":29}},"3":{"start":{"line":59,"column":2},"end":{"line":87,"column":4}}},"fnMap":{"0":{"name":"(anonymous_0)","decl":{"start":{"line":7,"column":29},"end":{"line":7,"column":30}},"loc":{"start":{"line":7,"column":41},"end":{"line":54,"column":1}},"line":7},"1":{"name":"AnnexInfo","decl":{"start":{"line":56,"column":9},"end":{"line":56,"column":18}},"loc":{"start":{"line":56,"column":34},"end":{"line":88,"column":1}},"line":56}},"branchMap":{},"s":{"0":2,"1":2,"2":2,"3":2},"f":{"0":2,"1":2},"b":{},"_coverageSchema":"1a1c01bbd47fc00a2c39e90264f33305004495a9","hash":"c2e899a262f274431231d50ad18664f2a33b1182"}
,"/Users/itagibaalix/Dev/platform/front/components/pages/Homepage/Demo/index.tsx": {"path":"/Users/itagibaalix/Dev/platform/front/components/pages/Homepage/Demo/index.tsx","statementMap":{"0":{"start":{"line":8,"column":18},"end":{"line":54,"column":3}},"1":{"start":{"line":8,"column":41},"end":{"line":54,"column":1}},"2":{"start":{"line":57,"column":18},"end":{"line":57,"column":29}},"3":{"start":{"line":59,"column":2},"end":{"line":102,"column":4}}},"fnMap":{"0":{"name":"(anonymous_0)","decl":{"start":{"line":8,"column":29},"end":{"line":8,"column":30}},"loc":{"start":{"line":8,"column":41},"end":{"line":54,"column":1}},"line":8},"1":{"name":"Demo","decl":{"start":{"line":56,"column":9},"end":{"line":56,"column":13}},"loc":{"start":{"line":56,"column":29},"end":{"line":103,"column":1}},"line":56}},"branchMap":{},"s":{"0":2,"1":2,"2":2,"3":2},"f":{"0":2,"1":2},"b":{},"_coverageSchema":"1a1c01bbd47fc00a2c39e90264f33305004495a9","hash":"ed947fb0c7a40d0a4dfa3f0ae7e0cd763612ee25"}
,"/Users/itagibaalix/Dev/platform/front/components/pages/Homepage/Demo/InfoCard/index.tsx": {"path":"/Users/itagibaalix/Dev/platform/front/components/pages/Homepage/Demo/InfoCard/index.tsx","statementMap":{"0":{"start":{"line":13,"column":18},"end":{"line":49,"column":3}},"1":{"start":{"line":13,"column":41},"end":{"line":49,"column":1}},"2":{"start":{"line":52,"column":18},"end":{"line":52,"column":29}},"3":{"start":{"line":53,"column":17},"end":{"line":53,"column":28}},"4":{"start":{"line":59,"column":6},"end":{"line":59,"column":11}},"5":{"start":{"line":61,"column":2},"end":{"line":79,"column":4}},"6":{"start":{"line":72,"column":24},"end":{"line":72,"column":55}}},"fnMap":{"0":{"name":"(anonymous_0)","decl":{"start":{"line":13,"column":29},"end":{"line":13,"column":30}},"loc":{"start":{"line":13,"column":41},"end":{"line":49,"column":1}},"line":13},"1":{"name":"InfoCard","decl":{"start":{"line":51,"column":9},"end":{"line":51,"column":17}},"loc":{"start":{"line":51,"column":53},"end":{"line":80,"column":1}},"line":51},"2":{"name":"(anonymous_2)","decl":{"start":{"line":72,"column":17},"end":{"line":72,"column":18}},"loc":{"start":{"line":72,"column":24},"end":{"line":72,"column":55}},"line":72}},"branchMap":{},"s":{"0":2,"1":2,"2":6,"3":6,"4":6,"5":6,"6":0},"f":{"0":2,"1":6,"2":0},"b":{},"_coverageSchema":"1a1c01bbd47fc00a2c39e90264f33305004495a9","hash":"eb7752e2a20a284120051c7fcd46cd1106985877"}
,"/Users/itagibaalix/Dev/platform/front/components/pages/Homepage/Title/index.tsx": {"path":"/Users/itagibaalix/Dev/platform/front/components/pages/Homepage/Title/index.tsx","statementMap":{"0":{"start":{"line":10,"column":18},"end":{"line":52,"column":3}},"1":{"start":{"line":10,"column":41},"end":{"line":52,"column":1}},"2":{"start":{"line":55,"column":18},"end":{"line":55,"column":29}},"3":{"start":{"line":57,"column":2},"end":{"line":77,"column":4}}},"fnMap":{"0":{"name":"(anonymous_0)","decl":{"start":{"line":10,"column":29},"end":{"line":10,"column":30}},"loc":{"start":{"line":10,"column":41},"end":{"line":52,"column":1}},"line":10},"1":{"name":"Title","decl":{"start":{"line":54,"column":9},"end":{"line":54,"column":14}},"loc":{"start":{"line":54,"column":30},"end":{"line":78,"column":1}},"line":54}},"branchMap":{},"s":{"0":2,"1":2,"2":2,"3":2},"f":{"0":2,"1":2},"b":{},"_coverageSchema":"1a1c01bbd47fc00a2c39e90264f33305004495a9","hash":"d2ddba36cd71f16d90efb26af70163b699177359"}
,"/Users/itagibaalix/Dev/platform/front/components/pages/Homepage/Title/ButtonTitle/index.tsx": {"path":"/Users/itagibaalix/Dev/platform/front/components/pages/Homepage/Title/ButtonTitle/index.tsx","statementMap":{"0":{"start":{"line":8,"column":18},"end":{"line":36,"column":3}},"1":{"start":{"line":8,"column":41},"end":{"line":36,"column":1}},"2":{"start":{"line":39,"column":18},"end":{"line":39,"column":29}},"3":{"start":{"line":41,"column":2},"end":{"line":85,"column":4}}},"fnMap":{"0":{"name":"(anonymous_0)","decl":{"start":{"line":8,"column":29},"end":{"line":8,"column":30}},"loc":{"start":{"line":8,"column":41},"end":{"line":36,"column":1}},"line":8},"1":{"name":"ButtonTitle","decl":{"start":{"line":38,"column":9},"end":{"line":38,"column":20}},"loc":{"start":{"line":38,"column":36},"end":{"line":86,"column":1}},"line":38}},"branchMap":{},"s":{"0":2,"1":2,"2":2,"3":2},"f":{"0":2,"1":2},"b":{},"_coverageSchema":"1a1c01bbd47fc00a2c39e90264f33305004495a9","hash":"21037e4868aaa8bafa53a769cd75ab0af377b6d8"}
,"/Users/itagibaalix/Dev/platform/front/components/pages/Settings/BackButton/index.tsx": {"path":"/Users/itagibaalix/Dev/platform/front/components/pages/Settings/BackButton/index.tsx","statementMap":{"0":{"start":{"line":5,"column":18},"end":{"line":49,"column":3}},"1":{"start":{"line":5,"column":41},"end":{"line":49,"column":1}},"2":{"start":{"line":57,"column":28},"end":{"line":57,"column":33}},"3":{"start":{"line":58,"column":18},"end":{"line":58,"column":29}},"4":{"start":{"line":60,"column":2},"end":{"line":74,"column":4}}},"fnMap":{"0":{"name":"(anonymous_0)","decl":{"start":{"line":5,"column":29},"end":{"line":5,"column":30}},"loc":{"start":{"line":5,"column":41},"end":{"line":49,"column":1}},"line":5},"1":{"name":"BackButton","decl":{"start":{"line":56,"column":9},"end":{"line":56,"column":19}},"loc":{"start":{"line":56,"column":57},"end":{"line":75,"column":1}},"line":56}},"branchMap":{},"s":{"0":1,"1":1,"2":1,"3":1,"4":1},"f":{"0":1,"1":1},"b":{},"_coverageSchema":"1a1c01bbd47fc00a2c39e90264f33305004495a9","hash":"ecb69e62915ff9a19d2862d412db77e34c0dc83a"}
,"/Users/itagibaalix/Dev/platform/front/components/pages/Settings/Menu/index.tsx": {"path":"/Users/itagibaalix/Dev/platform/front/components/pages/Settings/Menu/index.tsx","statementMap":{"0":{"start":{"line":9,"column":18},"end":{"line":43,"column":3}},"1":{"start":{"line":9,"column":41},"end":{"line":43,"column":1}},"2":{"start":{"line":56,"column":6},"end":{"line":56,"column":11}},"3":{"start":{"line":57,"column":18},"end":{"line":57,"column":29}},"4":{"start":{"line":59,"column":2},"end":{"line":79,"column":4}}},"fnMap":{"0":{"name":"(anonymous_0)","decl":{"start":{"line":9,"column":29},"end":{"line":9,"column":30}},"loc":{"start":{"line":9,"column":41},"end":{"line":43,"column":1}},"line":9},"1":{"name":"Menu","decl":{"start":{"line":51,"column":9},"end":{"line":51,"column":13}},"loc":{"start":{"line":51,"column":45},"end":{"line":80,"column":1}},"line":51}},"branchMap":{},"s":{"0":1,"1":1,"2":1,"3":1,"4":1},"f":{"0":1,"1":1},"b":{},"_coverageSchema":"1a1c01bbd47fc00a2c39e90264f33305004495a9","hash":"6dcb8273734a2abdb04fb4d79f071771a2fd0b25"}
,"/Users/itagibaalix/Dev/platform/front/components/pages/Settings/Menu/utils.ts": {"path":"/Users/itagibaalix/Dev/platform/front/components/pages/Settings/Menu/utils.ts","statementMap":{},"fnMap":{},"branchMap":{},"s":{},"f":{},"b":{},"_coverageSchema":"1a1c01bbd47fc00a2c39e90264f33305004495a9","hash":"b270440f2a328c95d774556d10f3271a71e70df4"}
,"/Users/itagibaalix/Dev/platform/front/components/pages/Settings/Menu/Onglet/index.tsx": {"path":"/Users/itagibaalix/Dev/platform/front/components/pages/Settings/Menu/Onglet/index.tsx","statementMap":{"0":{"start":{"line":9,"column":18},"end":{"line":66,"column":3}},"1":{"start":{"line":9,"column":41},"end":{"line":66,"column":1}},"2":{"start":{"line":81,"column":6},"end":{"line":81,"column":11}},"3":{"start":{"line":82,"column":18},"end":{"line":82,"column":29}},"4":{"start":{"line":83,"column":32},"end":{"line":83,"column":47}},"5":{"start":{"line":85,"column":2},"end":{"line":88,"column":28}},"6":{"start":{"line":86,"column":4},"end":{"line":87,"column":27}},"7":{"start":{"line":86,"column":32},"end":{"line":86,"column":49}},"8":{"start":{"line":87,"column":9},"end":{"line":87,"column":27}},"9":{"start":{"line":90,"column":38},"end":{"line":92,"column":3}},"10":{"start":{"line":91,"column":4},"end":{"line":91,"column":98}},"11":{"start":{"line":94,"column":2},"end":{"line":105,"column":4}},"12":{"start":{"line":95,"column":79},"end":{"line":95,"column":94}},"13":{"start":{"line":95,"column":95},"end":{"line":95,"column":112}}},"fnMap":{"0":{"name":"(anonymous_0)","decl":{"start":{"line":9,"column":29},"end":{"line":9,"column":30}},"loc":{"start":{"line":9,"column":41},"end":{"line":66,"column":1}},"line":9},"1":{"name":"Onglet","decl":{"start":{"line":75,"column":9},"end":{"line":75,"column":15}},"loc":{"start":{"line":75,"column":50},"end":{"line":106,"column":1}},"line":75},"2":{"name":"(anonymous_2)","decl":{"start":{"line":85,"column":12},"end":{"line":85,"column":13}},"loc":{"start":{"line":85,"column":18},"end":{"line":88,"column":3}},"line":85},"3":{"name":"(anonymous_3)","decl":{"start":{"line":90,"column":38},"end":{"line":90,"column":39}},"loc":{"start":{"line":91,"column":4},"end":{"line":91,"column":98}},"line":91},"4":{"name":"(anonymous_4)","decl":{"start":{"line":95,"column":65},"end":{"line":95,"column":66}},"loc":{"start":{"line":95,"column":77},"end":{"line":95,"column":114}},"line":95}},"branchMap":{"0":{"loc":{"start":{"line":86,"column":4},"end":{"line":87,"column":27}},"type":"if","locations":[{"start":{"line":86,"column":4},"end":{"line":87,"column":27}},{"start":{"line":86,"column":4},"end":{"line":87,"column":27}}],"line":86},"1":{"loc":{"start":{"line":91,"column":10},"end":{"line":91,"column":74}},"type":"cond-expr","locations":[{"start":{"line":91,"column":20},"end":{"line":91,"column":47}},{"start":{"line":91,"column":50},"end":{"line":91,"column":74}}],"line":91}},"s":{"0":2,"1":2,"2":5,"3":5,"4":5,"5":5,"6":3,"7":2,"8":1,"9":5,"10":5,"11":5,"12":0,"13":0},"f":{"0":2,"1":5,"2":3,"3":5,"4":0},"b":{"0":[2,1],"1":[2,3]},"_coverageSchema":"1a1c01bbd47fc00a2c39e90264f33305004495a9","hash":"746595e3c18c5a4554b09a0f7ac2180ed628af63"}
,"/Users/itagibaalix/Dev/platform/front/components/pages/Settings/Profile/index.tsx": {"path":"/Users/itagibaalix/Dev/platform/front/components/pages/Settings/Profile/index.tsx","statementMap":{"0":{"start":{"line":13,"column":18},"end":{"line":63,"column":3}},"1":{"start":{"line":13,"column":41},"end":{"line":63,"column":1}},"2":{"start":{"line":71,"column":18},"end":{"line":71,"column":29}},"3":{"start":{"line":72,"column":17},"end":{"line":72,"column":28}},"4":{"start":{"line":73,"column":30},"end":{"line":73,"column":54}},"5":{"start":{"line":74,"column":34},"end":{"line":74,"column":78}},"6":{"start":{"line":75,"column":19},"end":{"line":84,"column":4}},"7":{"start":{"line":77,"column":6},"end":{"line":77,"column":61}},"8":{"start":{"line":78,"column":6},"end":{"line":78,"column":22}},"9":{"start":{"line":81,"column":6},"end":{"line":81,"column":79}},"10":{"start":{"line":82,"column":6},"end":{"line":82,"column":22}},"11":{"start":{"line":86,"column":23},"end":{"line":90,"column":4}},"12":{"start":{"line":92,"column":2},"end":{"line":92,"column":44}},"13":{"start":{"line":92,"column":15},"end":{"line":92,"column":44}},"14":{"start":{"line":94,"column":24},"end":{"line":98,"column":3}},"15":{"start":{"line":100,"column":2},"end":{"line":162,"column":4}},"16":{"start":{"line":106,"column":10},"end":{"line":111,"column":13}},"17":{"start":{"line":156,"column":69},"end":{"line":156,"column":85}},"18":{"start":{"line":157,"column":30},"end":{"line":157,"column":46}}},"fnMap":{"0":{"name":"(anonymous_0)","decl":{"start":{"line":13,"column":29},"end":{"line":13,"column":30}},"loc":{"start":{"line":13,"column":41},"end":{"line":63,"column":1}},"line":13},"1":{"name":"Profile","decl":{"start":{"line":70,"column":9},"end":{"line":70,"column":16}},"loc":{"start":{"line":70,"column":32},"end":{"line":163,"column":1}},"line":70},"2":{"name":"(anonymous_2)","decl":{"start":{"line":76,"column":13},"end":{"line":76,"column":14}},"loc":{"start":{"line":76,"column":24},"end":{"line":79,"column":5}},"line":76},"3":{"name":"(anonymous_3)","decl":{"start":{"line":80,"column":17},"end":{"line":80,"column":18}},"loc":{"start":{"line":80,"column":23},"end":{"line":83,"column":5}},"line":80},"4":{"name":"(anonymous_4)","decl":{"start":{"line":105,"column":18},"end":{"line":105,"column":19}},"loc":{"start":{"line":105,"column":51},"end":{"line":112,"column":9}},"line":105},"5":{"name":"(anonymous_5)","decl":{"start":{"line":156,"column":63},"end":{"line":156,"column":64}},"loc":{"start":{"line":156,"column":69},"end":{"line":156,"column":85}},"line":156},"6":{"name":"(anonymous_6)","decl":{"start":{"line":157,"column":24},"end":{"line":157,"column":25}},"loc":{"start":{"line":157,"column":30},"end":{"line":157,"column":46}},"line":157}},"branchMap":{"0":{"loc":{"start":{"line":92,"column":2},"end":{"line":92,"column":44}},"type":"if","locations":[{"start":{"line":92,"column":2},"end":{"line":92,"column":44}},{"start":{"line":92,"column":2},"end":{"line":92,"column":44}}],"line":92}},"s":{"0":1,"1":1,"2":1,"3":1,"4":1,"5":1,"6":1,"7":0,"8":0,"9":0,"10":0,"11":1,"12":1,"13":0,"14":1,"15":1,"16":0,"17":0,"18":0},"f":{"0":1,"1":1,"2":0,"3":0,"4":0,"5":0,"6":0},"b":{"0":[0,1]},"_coverageSchema":"1a1c01bbd47fc00a2c39e90264f33305004495a9","hash":"fc3e85a34d7917b6cdc20d2aac4f33ab538161d6"}
,"/Users/itagibaalix/Dev/platform/front/components/pages/Settings/Security/index.tsx": {"path":"/Users/itagibaalix/Dev/platform/front/components/pages/Settings/Security/index.tsx","statementMap":{"0":{"start":{"line":15,"column":18},"end":{"line":54,"column":3}},"1":{"start":{"line":15,"column":41},"end":{"line":54,"column":1}},"2":{"start":{"line":62,"column":18},"end":{"line":62,"column":29}},"3":{"start":{"line":63,"column":17},"end":{"line":63,"column":28}},"4":{"start":{"line":64,"column":30},"end":{"line":64,"column":54}},"5":{"start":{"line":65,"column":34},"end":{"line":65,"column":78}},"6":{"start":{"line":66,"column":27},"end":{"line":75,"column":4}},"7":{"start":{"line":68,"column":6},"end":{"line":68,"column":61}},"8":{"start":{"line":69,"column":6},"end":{"line":69,"column":22}},"9":{"start":{"line":72,"column":6},"end":{"line":72,"column":82}},"10":{"start":{"line":73,"column":6},"end":{"line":73,"column":22}},"11":{"start":{"line":77,"column":23},"end":{"line":80,"column":4}},"12":{"start":{"line":82,"column":2},"end":{"line":82,"column":44}},"13":{"start":{"line":82,"column":15},"end":{"line":82,"column":44}},"14":{"start":{"line":84,"column":2},"end":{"line":128,"column":4}},"15":{"start":{"line":90,"column":10},"end":{"line":95,"column":13}},"16":{"start":{"line":122,"column":69},"end":{"line":122,"column":85}},"17":{"start":{"line":123,"column":30},"end":{"line":123,"column":46}}},"fnMap":{"0":{"name":"(anonymous_0)","decl":{"start":{"line":15,"column":29},"end":{"line":15,"column":30}},"loc":{"start":{"line":15,"column":41},"end":{"line":54,"column":1}},"line":15},"1":{"name":"Security","decl":{"start":{"line":61,"column":9},"end":{"line":61,"column":17}},"loc":{"start":{"line":61,"column":33},"end":{"line":129,"column":1}},"line":61},"2":{"name":"(anonymous_2)","decl":{"start":{"line":67,"column":13},"end":{"line":67,"column":14}},"loc":{"start":{"line":67,"column":24},"end":{"line":70,"column":5}},"line":67},"3":{"name":"(anonymous_3)","decl":{"start":{"line":71,"column":17},"end":{"line":71,"column":18}},"loc":{"start":{"line":71,"column":23},"end":{"line":74,"column":5}},"line":71},"4":{"name":"(anonymous_4)","decl":{"start":{"line":89,"column":18},"end":{"line":89,"column":19}},"loc":{"start":{"line":89,"column":51},"end":{"line":96,"column":9}},"line":89},"5":{"name":"(anonymous_5)","decl":{"start":{"line":122,"column":63},"end":{"line":122,"column":64}},"loc":{"start":{"line":122,"column":69},"end":{"line":122,"column":85}},"line":122},"6":{"name":"(anonymous_6)","decl":{"start":{"line":123,"column":24},"end":{"line":123,"column":25}},"loc":{"start":{"line":123,"column":30},"end":{"line":123,"column":46}},"line":123}},"branchMap":{"0":{"loc":{"start":{"line":82,"column":2},"end":{"line":82,"column":44}},"type":"if","locations":[{"start":{"line":82,"column":2},"end":{"line":82,"column":44}},{"start":{"line":82,"column":2},"end":{"line":82,"column":44}}],"line":82}},"s":{"0":1,"1":1,"2":1,"3":1,"4":1,"5":1,"6":1,"7":0,"8":0,"9":0,"10":0,"11":1,"12":1,"13":0,"14":1,"15":0,"16":0,"17":0},"f":{"0":1,"1":1,"2":0,"3":0,"4":0,"5":0,"6":0},"b":{"0":[0,1]},"_coverageSchema":"1a1c01bbd47fc00a2c39e90264f33305004495a9","hash":"c476ea4d4f75ffc8d8010d4cb674c9c4842f0ef0"}
,"/Users/itagibaalix/Dev/platform/front/components/pages/packages/InstallButton/index.tsx": {"path":"/Users/itagibaalix/Dev/platform/front/components/pages/packages/InstallButton/index.tsx","statementMap":{"0":{"start":{"line":9,"column":18},"end":{"line":25,"column":3}},"1":{"start":{"line":9,"column":41},"end":{"line":25,"column":1}},"2":{"start":{"line":28,"column":18},"end":{"line":28,"column":29}},"3":{"start":{"line":30,"column":42},"end":{"line":30,"column":66}},"4":{"start":{"line":32,"column":17},"end":{"line":32,"column":42}},"5":{"start":{"line":35,"column":18},"end":{"line":35,"column":52}},"6":{"start":{"line":36,"column":4},"end":{"line":36,"column":37}},"7":{"start":{"line":37,"column":4},"end":{"line":37,"column":23}},"8":{"start":{"line":38,"column":4},"end":{"line":38,"column":19}},"9":{"start":{"line":39,"column":4},"end":{"line":39,"column":33}},"10":{"start":{"line":40,"column":4},"end":{"line":40,"column":37}},"11":{"start":{"line":41,"column":4},"end":{"line":41,"column":30}},"12":{"start":{"line":44,"column":2},"end":{"line":51,"column":4}},"13":{"start":{"line":46,"column":53},"end":{"line":46,"column":76}}},"fnMap":{"0":{"name":"(anonymous_0)","decl":{"start":{"line":9,"column":29},"end":{"line":9,"column":30}},"loc":{"start":{"line":9,"column":41},"end":{"line":25,"column":1}},"line":9},"1":{"name":"InstallButton","decl":{"start":{"line":27,"column":9},"end":{"line":27,"column":22}},"loc":{"start":{"line":27,"column":73},"end":{"line":52,"column":1}},"line":27},"2":{"name":"textToClipboard","decl":{"start":{"line":34,"column":11},"end":{"line":34,"column":26}},"loc":{"start":{"line":34,"column":33},"end":{"line":42,"column":3}},"line":34},"3":{"name":"(anonymous_3)","decl":{"start":{"line":46,"column":47},"end":{"line":46,"column":48}},"loc":{"start":{"line":46,"column":53},"end":{"line":46,"column":76}},"line":46}},"branchMap":{},"s":{"0":2,"1":2,"2":2,"3":2,"4":2,"5":0,"6":0,"7":0,"8":0,"9":0,"10":0,"11":0,"12":2,"13":0},"f":{"0":2,"1":2,"2":0,"3":0},"b":{},"_coverageSchema":"1a1c01bbd47fc00a2c39e90264f33305004495a9","hash":"e7ee26594ecea1df93a3066f9a26d63b79522638"}
,"/Users/itagibaalix/Dev/platform/front/components/pages/packages/MarkdownDisplayer/index.tsx": {"path":"/Users/itagibaalix/Dev/platform/front/components/pages/packages/MarkdownDisplayer/index.tsx","statementMap":{"0":{"start":{"line":11,"column":18},"end":{"line":64,"column":3}},"1":{"start":{"line":11,"column":41},"end":{"line":64,"column":1}},"2":{"start":{"line":68,"column":18},"end":{"line":68,"column":29}},"3":{"start":{"line":70,"column":2},"end":{"line":74,"column":4}}},"fnMap":{"0":{"name":"(anonymous_0)","decl":{"start":{"line":11,"column":29},"end":{"line":11,"column":30}},"loc":{"start":{"line":11,"column":41},"end":{"line":64,"column":1}},"line":11},"1":{"name":"MarkdownDisplayer","decl":{"start":{"line":66,"column":9},"end":{"line":66,"column":26}},"loc":{"start":{"line":67,"column":12},"end":{"line":75,"column":1}},"line":67}},"branchMap":{"0":{"loc":{"start":{"line":66,"column":48},"end":{"line":66,"column":66}},"type":"default-arg","locations":[{"start":{"line":66,"column":61},"end":{"line":66,"column":66}}],"line":66}},"s":{"0":2,"1":2,"2":2,"3":2},"f":{"0":2,"1":2},"b":{"0":[2]},"_coverageSchema":"1a1c01bbd47fc00a2c39e90264f33305004495a9","hash":"23ebc6c621ce69f8e6d6f9b52e9e034d0910d028"}
,"/Users/itagibaalix/Dev/platform/front/components/pages/packages/TabPanel/index.tsx": {"path":"/Users/itagibaalix/Dev/platform/front/components/pages/packages/TabPanel/index.tsx","statementMap":{"0":{"start":{"line":6,"column":6},"end":{"line":6,"column":11}},"1":{"start":{"line":8,"column":2},"end":{"line":20,"column":4}}},"fnMap":{"0":{"name":"TabPanel","decl":{"start":{"line":3,"column":9},"end":{"line":3,"column":17}},"loc":{"start":{"line":3,"column":98},"end":{"line":21,"column":1}},"line":3}},"branchMap":{"0":{"loc":{"start":{"line":16,"column":7},"end":{"line":18,"column":7}},"type":"binary-expr","locations":[{"start":{"line":16,"column":7},"end":{"line":16,"column":22}},{"start":{"line":17,"column":8},"end":{"line":17,"column":23}}],"line":16}},"s":{"0":3,"1":3},"f":{"0":3},"b":{"0":[3,2]},"_coverageSchema":"1a1c01bbd47fc00a2c39e90264f33305004495a9","hash":"dd458d0c8864531de39e3bfcda488d1b9a3425fe"}
,"/Users/itagibaalix/Dev/platform/front/components/pages/packages/VersionList/index.tsx": {"path":"/Users/itagibaalix/Dev/platform/front/components/pages/packages/VersionList/index.tsx","statementMap":{"0":{"start":{"line":14,"column":18},"end":{"line":51,"column":3}},"1":{"start":{"line":14,"column":41},"end":{"line":51,"column":1}},"2":{"start":{"line":54,"column":18},"end":{"line":54,"column":29}},"3":{"start":{"line":56,"column":2},"end":{"line":79,"column":4}},"4":{"start":{"line":59,"column":8},"end":{"line":76,"column":25}}},"fnMap":{"0":{"name":"(anonymous_0)","decl":{"start":{"line":14,"column":29},"end":{"line":14,"column":30}},"loc":{"start":{"line":14,"column":41},"end":{"line":51,"column":1}},"line":14},"1":{"name":"VersionList","decl":{"start":{"line":53,"column":9},"end":{"line":53,"column":20}},"loc":{"start":{"line":53,"column":79},"end":{"line":80,"column":1}},"line":53},"2":{"name":"(anonymous_2)","decl":{"start":{"line":58,"column":33},"end":{"line":58,"column":34}},"loc":{"start":{"line":59,"column":8},"end":{"line":76,"column":25}},"line":59}},"branchMap":{"0":{"loc":{"start":{"line":60,"column":11},"end":{"line":67,"column":11}},"type":"binary-expr","locations":[{"start":{"line":60,"column":12},"end":{"line":60,"column":19}},{"start":{"line":60,"column":23},"end":{"line":60,"column":83}},{"start":{"line":62,"column":12},"end":{"line":66,"column":17}}],"line":60}},"s":{"0":2,"1":1,"2":1,"3":1,"4":2},"f":{"0":1,"1":1,"2":2},"b":{"0":[2,1,1]},"_coverageSchema":"1a1c01bbd47fc00a2c39e90264f33305004495a9","hash":"f77553ed1338a0d063b7fe2127cc5ee5f99e19ef"}
,"/Users/itagibaalix/Dev/platform/front/components/pages/profile/Edit/index.tsx": {"path":"/Users/itagibaalix/Dev/platform/front/components/pages/profile/Edit/index.tsx","statementMap":{"0":{"start":{"line":9,"column":18},"end":{"line":31,"column":3}},"1":{"start":{"line":9,"column":41},"end":{"line":31,"column":1}},"2":{"start":{"line":38,"column":13},"end":{"line":103,"column":1}},"3":{"start":{"line":39,"column":18},"end":{"line":39,"column":29}},"4":{"start":{"line":40,"column":19},"end":{"line":40,"column":23}},"5":{"start":{"line":42,"column":2},"end":{"line":102,"column":4}},"6":{"start":{"line":87,"column":31},"end":{"line":87,"column":47}},"7":{"start":{"line":96,"column":31},"end":{"line":96,"column":47}}},"fnMap":{"0":{"name":"(anonymous_0)","decl":{"start":{"line":9,"column":29},"end":{"line":9,"column":30}},"loc":{"start":{"line":9,"column":41},"end":{"line":31,"column":1}},"line":9},"1":{"name":"(anonymous_1)","decl":{"start":{"line":38,"column":13},"end":{"line":38,"column":14}},"loc":{"start":{"line":38,"column":62},"end":{"line":103,"column":1}},"line":38},"2":{"name":"(anonymous_2)","decl":{"start":{"line":87,"column":19},"end":{"line":87,"column":20}},"loc":{"start":{"line":87,"column":31},"end":{"line":87,"column":47}},"line":87},"3":{"name":"(anonymous_3)","decl":{"start":{"line":96,"column":19},"end":{"line":96,"column":20}},"loc":{"start":{"line":96,"column":31},"end":{"line":96,"column":47}},"line":96}},"branchMap":{"0":{"loc":{"start":{"line":48,"column":23},"end":{"line":48,"column":63}},"type":"cond-expr","locations":[{"start":{"line":48,"column":42},"end":{"line":48,"column":58}},{"start":{"line":48,"column":61},"end":{"line":48,"column":63}}],"line":48}},"s":{"0":2,"1":1,"2":2,"3":1,"4":1,"5":1,"6":0,"7":0},"f":{"0":1,"1":1,"2":0,"3":0},"b":{"0":[1,0]},"_coverageSchema":"1a1c01bbd47fc00a2c39e90264f33305004495a9","hash":"dca8221ee46dca2f6d840c731cc2301b124b60ad"}
,"/Users/itagibaalix/Dev/platform/front/components/pages/profile/ProfileInfos/index.tsx": {"path":"/Users/itagibaalix/Dev/platform/front/components/pages/profile/ProfileInfos/index.tsx","statementMap":{"0":{"start":{"line":12,"column":18},"end":{"line":39,"column":3}},"1":{"start":{"line":12,"column":41},"end":{"line":39,"column":1}},"2":{"start":{"line":41,"column":21},"end":{"line":94,"column":1}},"3":{"start":{"line":42,"column":18},"end":{"line":42,"column":29}},"4":{"start":{"line":43,"column":20},"end":{"line":46,"column":3}},"5":{"start":{"line":44,"column":19},"end":{"line":44,"column":30}},"6":{"start":{"line":45,"column":4},"end":{"line":45,"column":49}},"7":{"start":{"line":48,"column":2},"end":{"line":93,"column":4}},"8":{"start":{"line":86,"column":33},"end":{"line":86,"column":48}}},"fnMap":{"0":{"name":"(anonymous_0)","decl":{"start":{"line":12,"column":29},"end":{"line":12,"column":30}},"loc":{"start":{"line":12,"column":41},"end":{"line":39,"column":1}},"line":12},"1":{"name":"(anonymous_1)","decl":{"start":{"line":41,"column":21},"end":{"line":41,"column":22}},"loc":{"start":{"line":41,"column":78},"end":{"line":94,"column":1}},"line":41},"2":{"name":"(anonymous_2)","decl":{"start":{"line":43,"column":20},"end":{"line":43,"column":21}},"loc":{"start":{"line":43,"column":35},"end":{"line":46,"column":3}},"line":43},"3":{"name":"(anonymous_3)","decl":{"start":{"line":86,"column":21},"end":{"line":86,"column":22}},"loc":{"start":{"line":86,"column":33},"end":{"line":86,"column":48}},"line":86}},"branchMap":{"0":{"loc":{"start":{"line":45,"column":11},"end":{"line":45,"column":48}},"type":"binary-expr","locations":[{"start":{"line":45,"column":11},"end":{"line":45,"column":17}},{"start":{"line":45,"column":21},"end":{"line":45,"column":48}}],"line":45},"1":{"loc":{"start":{"line":54,"column":9},"end":{"line":54,"column":39}},"type":"cond-expr","locations":[{"start":{"line":54,"column":16},"end":{"line":54,"column":29}},{"start":{"line":54,"column":32},"end":{"line":54,"column":39}}],"line":54},"2":{"loc":{"start":{"line":60,"column":9},"end":{"line":60,"column":36}},"type":"cond-expr","locations":[{"start":{"line":60,"column":16},"end":{"line":60,"column":26}},{"start":{"line":60,"column":29},"end":{"line":60,"column":36}}],"line":60},"3":{"loc":{"start":{"line":66,"column":9},"end":{"line":66,"column":42}},"type":"cond-expr","locations":[{"start":{"line":66,"column":16},"end":{"line":66,"column":32}},{"start":{"line":66,"column":35},"end":{"line":66,"column":42}}],"line":66},"4":{"loc":{"start":{"line":73,"column":9},"end":{"line":73,"column":61}},"type":"cond-expr","locations":[{"start":{"line":73,"column":35},"end":{"line":73,"column":38}},{"start":{"line":73,"column":41},"end":{"line":73,"column":61}}],"line":73},"5":{"loc":{"start":{"line":73,"column":9},"end":{"line":73,"column":32}},"type":"binary-expr","locations":[{"start":{"line":73,"column":9},"end":{"line":73,"column":14}},{"start":{"line":73,"column":18},"end":{"line":73,"column":32}}],"line":73},"6":{"loc":{"start":{"line":76,"column":9},"end":{"line":76,"column":71}},"type":"cond-expr","locations":[{"start":{"line":76,"column":61},"end":{"line":76,"column":65}},{"start":{"line":76,"column":68},"end":{"line":76,"column":71}}],"line":76},"7":{"loc":{"start":{"line":76,"column":9},"end":{"line":76,"column":58}},"type":"binary-expr","locations":[{"start":{"line":76,"column":9},"end":{"line":76,"column":13}},{"start":{"line":76,"column":17},"end":{"line":76,"column":30}},{"start":{"line":76,"column":34},"end":{"line":76,"column":58}}],"line":76},"8":{"loc":{"start":{"line":79,"column":7},"end":{"line":90,"column":16}},"type":"cond-expr","locations":[{"start":{"line":81,"column":10},"end":{"line":89,"column":19}},{"start":{"line":90,"column":12},"end":{"line":90,"column":16}}],"line":79}},"s":{"0":2,"1":2,"2":2,"3":2,"4":2,"5":2,"6":2,"7":2,"8":0},"f":{"0":2,"1":2,"2":2,"3":0},"b":{"0":[2,1],"1":[1,1],"2":[1,1],"3":[1,1],"4":[2,0],"5":[2,1],"6":[0,2],"7":[2,1,0],"8":[1,1]},"_coverageSchema":"1a1c01bbd47fc00a2c39e90264f33305004495a9","hash":"ef1bb14104f873d908a955092eff393e7cf05390"}
,"/Users/itagibaalix/Dev/platform/front/utils/team.ts": {"path":"/Users/itagibaalix/Dev/platform/front/utils/team.ts","statementMap":{"0":{"start":{"line":1,"column":13},"end":{"line":60,"column":1}}},"fnMap":{},"branchMap":{},"s":{"0":2},"f":{},"b":{},"_coverageSchema":"1a1c01bbd47fc00a2c39e90264f33305004495a9","hash":"ce3a579ed6701775d37a46e56aa358c0ef16a374"}
,"/Users/itagibaalix/Dev/platform/front/utils/theme.ts": {"path":"/Users/itagibaalix/Dev/platform/front/utils/theme.ts","statementMap":{"0":{"start":{"line":3,"column":14},"end":{"line":34,"column":2}}},"fnMap":{},"branchMap":{},"s":{"0":1},"f":{},"b":{},"_coverageSchema":"1a1c01bbd47fc00a2c39e90264f33305004495a9","hash":"6ecbe864f3e454f94deda0b4082afd1fe32dbc7a"}
,"/Users/itagibaalix/Dev/platform/front/utils/validation.ts": {"path":"/Users/itagibaalix/Dev/platform/front/utils/validation.ts","statementMap":{"0":{"start":{"line":3,"column":27},"end":{"line":6,"column":2}},"1":{"start":{"line":10,"column":30},"end":{"line":16,"column":2}},"2":{"start":{"line":20,"column":28},"end":{"line":22,"column":2}},"3":{"start":{"line":26,"column":27},"end":{"line":33,"column":2}}},"fnMap":{},"branchMap":{},"s":{"0":2,"1":2,"2":2,"3":2},"f":{},"b":{},"_coverageSchema":"1a1c01bbd47fc00a2c39e90264f33305004495a9","hash":"f991e676aca31c68402496cc04928a5c42d96a6e"}
,"/Users/itagibaalix/Dev/platform/front/utils/version.ts": {"path":"/Users/itagibaalix/Dev/platform/front/utils/version.ts","statementMap":{"0":{"start":{"line":6,"column":2},"end":{"line":6,"column":78}},"1":{"start":{"line":6,"column":41},"end":{"line":6,"column":76}},"2":{"start":{"line":10,"column":2},"end":{"line":12,"column":3}},"3":{"start":{"line":11,"column":4},"end":{"line":11,"column":16}},"4":{"start":{"line":13,"column":2},"end":{"line":13,"column":34}}},"fnMap":{"0":{"name":"sortVersion","decl":{"start":{"line":5,"column":16},"end":{"line":5,"column":27}},"loc":{"start":{"line":5,"column":60},"end":{"line":7,"column":1}},"line":5},"1":{"name":"(anonymous_1)","decl":{"start":{"line":6,"column":31},"end":{"line":6,"column":32}},"loc":{"start":{"line":6,"column":41},"end":{"line":6,"column":76}},"line":6},"2":{"name":"getLastVersion","decl":{"start":{"line":9,"column":16},"end":{"line":9,"column":30}},"loc":{"start":{"line":9,"column":61},"end":{"line":14,"column":1}},"line":9}},"branchMap":{"0":{"loc":{"start":{"line":10,"column":2},"end":{"line":12,"column":3}},"type":"if","locations":[{"start":{"line":10,"column":2},"end":{"line":12,"column":3}},{"start":{"line":10,"column":2},"end":{"line":12,"column":3}}],"line":10}},"s":{"0":3,"1":3,"2":2,"3":1,"4":1},"f":{"0":3,"1":3,"2":2},"b":{"0":[1,1]},"_coverageSchema":"1a1c01bbd47fc00a2c39e90264f33305004495a9","hash":"5fb14e992f63147c6fb4564dfd6c51000aac111d"}
,"/Users/itagibaalix/Dev/platform/front/utils/withApollo.tsx": {"path":"/Users/itagibaalix/Dev/platform/front/utils/withApollo.tsx","statementMap":{"0":{"start":{"line":6,"column":57},"end":{"line":15,"column":2}},"1":{"start":{"line":19,"column":4},"end":{"line":21,"column":21}}},"fnMap":{"0":{"name":"(anonymous_0)","decl":{"start":{"line":6,"column":26},"end":{"line":6,"column":27}},"loc":{"start":{"line":6,"column":57},"end":{"line":15,"column":2}},"line":6},"1":{"name":"(anonymous_1)","decl":{"start":{"line":17,"column":10},"end":{"line":17,"column":11}},"loc":{"start":{"line":19,"column":4},"end":{"line":21,"column":21}},"line":19}},"branchMap":{"0":{"loc":{"start":{"line":11,"column":14},"end":{"line":11,"column":39}},"type":"binary-expr","locations":[{"start":{"line":11,"column":14},"end":{"line":11,"column":21}},{"start":{"line":11,"column":25},"end":{"line":11,"column":39}}],"line":11},"1":{"loc":{"start":{"line":14,"column":37},"end":{"line":14,"column":55}},"type":"binary-expr","locations":[{"start":{"line":14,"column":37},"end":{"line":14,"column":49}},{"start":{"line":14,"column":53},"end":{"line":14,"column":55}}],"line":14}},"s":{"0":8,"1":8},"f":{"0":8,"1":8},"b":{"0":[8,0],"1":[8,8]},"_coverageSchema":"1a1c01bbd47fc00a2c39e90264f33305004495a9","hash":"115327807c789a2808ff24818539376fb4f77133"}
}
