TN:
SF:components/Avatar/index.tsx
FN:7,hashCode
FN:16,intToRGB
FN:29,(anonymous_2)
FN:37,(anonymous_3)
FN:55,Avatar
FNF:5
FNH:5
FNDA:5,hashCode
FNDA:5,intToRGB
FNDA:5,(anonymous_2)
FNDA:5,(anonymous_3)
FNDA:5,Avatar
DA:8,5
DA:9,5
DA:11,11
DA:13,5
DA:18,5
DA:22,5
DA:29,10
DA:37,5
DA:60,5
DA:61,5
DA:62,5
DA:63,5
DA:64,5
DA:66,5
LF:14
LH:14
BRDA:59,0,0,4
BRDA:61,1,0,5
BRDA:61,1,1,2
BRDA:76,2,0,5
BRDA:76,2,1,4
BRF:5
BRH:5
end_of_record
TN:
SF:components/Button/index.tsx
FN:15,(anonymous_0)
FN:23,(anonymous_1)
FN:31,(anonymous_2)
FN:32,(anonymous_3)
FN:33,(anonymous_4)
FN:34,(anonymous_5)
FN:53,(anonymous_6)
FNF:7
FNH:7
FNDA:152,(anonymous_0)
FNDA:16,(anonymous_1)
FNDA:38,(anonymous_2)
FNDA:38,(anonymous_3)
FNDA:38,(anonymous_4)
FNDA:38,(anonymous_5)
FNDA:38,(anonymous_6)
DA:15,152
DA:23,16
DA:31,38
DA:32,38
DA:33,38
DA:34,38
DA:53,16
DA:56,38
DA:58,38
LF:9
LH:9
BRDA:16,0,0,88
BRDA:16,0,1,64
BRDA:17,1,0,88
BRDA:17,1,1,64
BRDA:17,2,0,152
BRDA:17,2,1,88
BRDA:19,3,0,52
BRDA:19,3,1,100
BRDA:20,4,0,64
BRDA:20,4,1,88
BRDA:54,5,0,29
BRDA:54,6,0,38
BRF:12
BRH:12
end_of_record
TN:
SF:components/ButtonLink/index.tsx
FN:9,(anonymous_0)
FNF:1
FNH:1
FNDA:13,(anonymous_0)
DA:8,9
DA:10,13
LF:2
LH:2
BRF:0
BRH:0
end_of_record
TN:
SF:components/Head/index.tsx
FN:7,Head
FNF:1
FNH:1
FNDA:8,Head
DA:8,8
LF:1
LH:1
BRF:0
BRH:0
end_of_record
TN:
SF:components/Layout/index.tsx
FN:7,(anonymous_0)
FN:17,Layout
FNF:2
FNH:2
FNDA:6,(anonymous_0)
FNDA:6,Layout
DA:7,7
DA:18,6
DA:20,6
LF:3
LH:3
BRF:0
BRH:0
end_of_record
TN:
SF:components/Layout/Footer/index.tsx
FN:5,(anonymous_0)
FN:37,Footer
FNF:2
FNH:2
FNDA:7,(anonymous_0)
FNDA:7,Footer
DA:5,8
DA:38,7
DA:40,7
LF:3
LH:3
BRF:0
BRH:0
end_of_record
TN:
SF:components/Layout/Header/index.tsx
FN:12,(anonymous_0)
FN:32,Header
FNF:2
FNH:2
FNDA:6,(anonymous_0)
FNDA:6,Header
DA:12,7
DA:33,6
DA:34,6
DA:36,6
LF:4
LH:4
BRDA:38,0,0,0
BRDA:38,0,1,6
BRF:2
BRH:1
end_of_record
TN:
SF:components/Layout/Header/RightNav/index.tsx
FN:10,(anonymous_0)
FN:19,RightNav
FNF:2
FNH:2
FNDA:6,(anonymous_0)
FNDA:6,RightNav
DA:10,7
DA:20,6
DA:21,6
DA:22,6
DA:23,6
DA:25,6
DA:26,0
DA:31,6
LF:8
LH:7
BRDA:25,0,0,0
BRDA:25,0,1,6
BRDA:33,1,0,0
BRDA:33,1,1,6
BRF:4
BRH:2
end_of_record
TN:
SF:components/Layout/Header/RightNav/MobileMenu/index.tsx
FN:12,(anonymous_0)
FN:46,MobileMenu
FN:52,(anonymous_2)
FN:56,(anonymous_3)
FNF:4
FNH:2
FNDA:1,(anonymous_0)
FNDA:1,MobileMenu
FNDA:0,(anonymous_2)
FNDA:0,(anonymous_3)
DA:12,8
DA:47,1
DA:48,1
DA:49,1
DA:50,1
DA:52,1
DA:53,0
DA:56,1
DA:57,0
DA:60,1
LF:10
LH:8
BRDA:63,0,0,0
BRDA:63,0,1,1
BRDA:80,1,0,0
BRDA:80,1,1,1
BRF:4
BRH:2
end_of_record
TN:
SF:components/Layout/Header/RightNav/UserCard/index.tsx
FN:17,(anonymous_0)
FN:59,UserCard
FN:66,(anonymous_2)
FN:75,(anonymous_3)
FN:76,(anonymous_4)
FN:79,(anonymous_5)
FN:112,(anonymous_6)
FNF:7
FNH:2
FNDA:2,(anonymous_0)
FNDA:2,UserCard
FNDA:0,(anonymous_2)
FNDA:0,(anonymous_3)
FNDA:0,(anonymous_4)
FNDA:0,(anonymous_5)
FNDA:0,(anonymous_6)
DA:17,8
DA:60,2
DA:61,2
DA:62,2
DA:63,2
DA:64,2
DA:65,2
DA:66,2
DA:67,0
DA:68,0
DA:71,2
DA:72,1
DA:75,1
DA:76,0
DA:79,1
DA:80,0
DA:81,0
DA:84,0
DA:87,1
DA:113,0
LF:20
LH:13
BRDA:71,0,0,1
BRDA:71,0,1,1
BRDA:80,1,0,0
BRDA:80,1,1,0
BRDA:93,2,0,0
BRDA:93,2,1,1
BRDA:103,3,0,0
BRDA:103,3,1,1
BRF:8
BRH:4
end_of_record
TN:
SF:components/Layout/Header/RightNav/UserCard/MenuItemLink/index.tsx
FN:13,(anonymous_0)
FNF:1
FNH:1
FNDA:1,(anonymous_0)
DA:13,9
DA:18,1
LF:2
LH:2
BRF:0
BRH:0
end_of_record
TN:
SF:components/Layout/Header/SearchBar/index.tsx
FN:10,SearchBar
FN:14,handleSubmit
FNF:2
FNH:1
FNDA:7,SearchBar
FNDA:0,handleSubmit
DA:11,7
DA:12,7
DA:15,0
DA:16,0
DA:20,7
LF:5
LH:3
BRDA:12,0,0,7
BRDA:12,0,1,7
BRDA:15,1,0,0
BRDA:15,1,1,0
BRF:4
BRH:2
end_of_record
TN:
SF:components/Logo/index.tsx
FN:5,getFontSize
FN:16,getSize
FN:46,(anonymous_2)
FN:53,(anonymous_3)
FN:70,(anonymous_4)
FNF:5
FNH:5
FNDA:28,getFontSize
FNDA:28,getSize
FNDA:19,(anonymous_2)
FNDA:28,(anonymous_3)
FNDA:28,(anonymous_4)
DA:6,28
DA:7,4
DA:8,24
DA:9,6
DA:10,18
DA:11,2
DA:13,16
DA:17,28
DA:18,28
DA:20,28
DA:21,11
DA:22,1
DA:23,10
DA:24,1
DA:25,9
DA:26,1
DA:27,8
DA:28,7
DA:30,1
DA:32,17
DA:33,3
DA:34,14
DA:35,5
DA:36,9
DA:37,1
DA:38,8
DA:39,7
DA:41,1
DA:43,28
DA:46,19
DA:53,28
DA:70,11
DA:71,28
DA:72,28
DA:73,28
DA:75,28
LF:36
LH:36
BRDA:6,0,0,4
BRDA:6,0,1,24
BRDA:8,1,0,6
BRDA:8,1,1,18
BRDA:10,2,0,2
BRDA:10,2,1,16
BRDA:20,3,0,11
BRDA:20,3,1,17
BRDA:21,4,0,1
BRDA:21,4,1,10
BRDA:23,5,0,1
BRDA:23,5,1,9
BRDA:25,6,0,1
BRDA:25,6,1,8
BRDA:27,7,0,7
BRDA:27,7,1,1
BRDA:32,8,0,3
BRDA:32,8,1,14
BRDA:34,9,0,5
BRDA:34,9,1,9
BRDA:36,10,0,1
BRDA:36,10,1,8
BRDA:38,11,0,7
BRDA:38,11,1,1
BRDA:70,12,0,1
BRDA:70,13,0,2
BRDA:72,14,0,11
BRDA:72,14,1,17
BRDA:81,15,0,28
BRDA:81,15,1,8
BRF:30
BRH:30
end_of_record
TN:
SF:components/PackageCard/index.tsx
FN:12,(anonymous_0)
FN:63,PackageCard
FNF:2
FNH:2
FNDA:1,(anonymous_0)
FNDA:1,PackageCard
DA:12,3
DA:64,1
DA:65,1
DA:66,1
DA:68,1
LF:5
LH:5
BRF:0
BRH:0
end_of_record
TN:
SF:components/PasswordInput/index.tsx
FN:12,(anonymous_0)
FN:16,(anonymous_1)
FN:20,(anonymous_2)
FN:21,(anonymous_3)
FNF:4
FNH:2
FNDA:4,(anonymous_0)
FNDA:5,(anonymous_1)
FNDA:0,(anonymous_2)
FNDA:0,(anonymous_3)
DA:12,4
DA:16,4
DA:17,5
DA:18,5
DA:20,5
DA:21,0
DA:24,5
LF:7
LH:6
BRDA:26,0,0,0
BRDA:26,0,1,5
BRDA:36,1,0,0
BRDA:36,1,1,5
BRF:4
BRH:2
end_of_record
TN:
SF:components/Select/index.tsx
FN:10,Select
FNF:1
FNH:1
FNDA:1,Select
DA:13,1
LF:1
LH:1
BRF:0
BRH:0
end_of_record
TN:
SF:components/Select/WrappedMuiSelect/index.tsx
FN:14,(anonymous_0)
FN:59,WrappedSelect
FN:89,(anonymous_2)
FNF:3
FNH:3
FNDA:1,(anonymous_0)
FNDA:1,WrappedSelect
FNDA:3,(anonymous_2)
DA:14,1
DA:60,1
DA:62,1
DA:90,3
LF:4
LH:4
BRF:0
BRH:0
end_of_record
TN:
SF:components/TextInput/index.tsx
FN:29,(anonymous_0)
FNF:1
FNH:1
FNDA:23,(anonymous_0)
DA:6,15
DA:29,15
DA:30,23
DA:31,23
DA:32,23
DA:33,23
DA:34,23
DA:35,9
DA:36,14
DA:37,0
DA:40,23
LF:11
LH:10
BRDA:29,0,0,13
BRDA:34,1,0,9
BRDA:34,1,1,14
BRDA:36,2,0,0
BRDA:36,2,1,14
BRDA:36,3,0,14
BRDA:36,3,1,0
BRDA:45,4,0,23
BRDA:45,4,1,0
BRF:9
BRH:6
end_of_record
TN:
SF:components/TextLink/index.tsx
FN:12,(anonymous_0)
FNF:1
FNH:1
FNDA:4,(anonymous_0)
DA:12,5
DA:15,4
LF:2
LH:2
BRF:0
BRH:0
end_of_record
TN:
SF:components/pages/Homepage/index.tsx
FN:5,Homepage
FNF:1
FNH:1
FNDA:2,Homepage
DA:6,2
LF:1
LH:1
BRF:0
BRH:0
end_of_record
TN:
SF:components/pages/Homepage/AnnexInfo/index.tsx
FN:7,(anonymous_0)
FN:56,AnnexInfo
FNF:2
FNH:2
FNDA:2,(anonymous_0)
FNDA:2,AnnexInfo
DA:7,2
DA:57,2
DA:59,2
LF:3
LH:3
BRF:0
BRH:0
end_of_record
TN:
SF:components/pages/Homepage/Demo/index.tsx
FN:8,(anonymous_0)
FN:56,Demo
FNF:2
FNH:2
FNDA:2,(anonymous_0)
FNDA:2,Demo
DA:8,2
DA:57,2
DA:59,2
LF:3
LH:3
BRF:0
BRH:0
end_of_record
TN:
SF:components/pages/Homepage/Demo/InfoCard/index.tsx
FN:13,(anonymous_0)
FN:51,InfoCard
FN:72,(anonymous_2)
FNF:3
FNH:2
FNDA:2,(anonymous_0)
FNDA:6,InfoCard
FNDA:0,(anonymous_2)
DA:13,2
DA:52,6
DA:53,6
DA:59,6
DA:61,6
DA:72,0
LF:6
LH:5
BRF:0
BRH:0
end_of_record
TN:
SF:components/pages/Homepage/Title/index.tsx
FN:10,(anonymous_0)
FN:54,Title
FNF:2
FNH:2
FNDA:2,(anonymous_0)
FNDA:2,Title
DA:10,2
DA:55,2
DA:57,2
LF:3
LH:3
BRF:0
BRH:0
end_of_record
TN:
SF:components/pages/Homepage/Title/ButtonTitle/index.tsx
FN:8,(anonymous_0)
FN:38,ButtonTitle
FNF:2
FNH:2
FNDA:2,(anonymous_0)
FNDA:2,ButtonTitle
DA:8,2
DA:39,2
DA:41,2
LF:3
LH:3
BRF:0
BRH:0
end_of_record
TN:
SF:components/pages/Settings/BackButton/index.tsx
FN:5,(anonymous_0)
FN:56,BackButton
FNF:2
FNH:2
FNDA:1,(anonymous_0)
FNDA:1,BackButton
DA:5,1
DA:57,1
DA:58,1
DA:60,1
LF:4
LH:4
BRF:0
BRH:0
end_of_record
TN:
SF:components/pages/Settings/Menu/index.tsx
FN:9,(anonymous_0)
FN:51,Menu
FNF:2
FNH:2
FNDA:1,(anonymous_0)
FNDA:1,Menu
DA:9,1
DA:56,1
DA:57,1
DA:59,1
LF:4
LH:4
BRF:0
BRH:0
end_of_record
TN:
SF:components/pages/Settings/Menu/utils.ts
FNF:0
FNH:0
LF:0
LH:0
BRF:0
BRH:0
end_of_record
TN:
SF:components/pages/Settings/Menu/Onglet/index.tsx
FN:9,(anonymous_0)
FN:75,Onglet
FN:85,(anonymous_2)
FN:90,(anonymous_3)
FN:95,(anonymous_4)
FNF:5
FNH:4
FNDA:2,(anonymous_0)
FNDA:5,Onglet
FNDA:3,(anonymous_2)
FNDA:5,(anonymous_3)
FNDA:0,(anonymous_4)
DA:9,2
DA:81,5
DA:82,5
DA:83,5
DA:85,5
DA:86,3
DA:87,1
DA:90,5
DA:91,5
DA:94,5
DA:95,0
LF:11
LH:10
BRDA:86,0,0,2
BRDA:86,0,1,1
BRDA:91,1,0,2
BRDA:91,1,1,3
BRF:4
BRH:4
end_of_record
TN:
SF:components/pages/Settings/Profile/index.tsx
FN:13,(anonymous_0)
FN:70,Profile
FN:76,(anonymous_2)
FN:80,(anonymous_3)
FN:105,(anonymous_4)
FN:156,(anonymous_5)
FN:157,(anonymous_6)
FNF:7
FNH:2
FNDA:1,(anonymous_0)
FNDA:1,Profile
FNDA:0,(anonymous_2)
FNDA:0,(anonymous_3)
FNDA:0,(anonymous_4)
FNDA:0,(anonymous_5)
FNDA:0,(anonymous_6)
DA:13,1
DA:71,1
DA:72,1
DA:73,1
DA:74,1
DA:75,1
DA:77,0
DA:78,0
DA:81,0
DA:82,0
DA:86,1
DA:92,1
DA:94,1
DA:100,1
DA:106,0
DA:156,0
DA:157,0
LF:17
LH:10
BRDA:92,0,0,0
BRDA:92,0,1,1
BRF:2
BRH:1
end_of_record
TN:
SF:components/pages/Settings/Security/index.tsx
FN:15,(anonymous_0)
FN:61,Security
FN:67,(anonymous_2)
FN:71,(anonymous_3)
FN:89,(anonymous_4)
FN:122,(anonymous_5)
FN:123,(anonymous_6)
FNF:7
FNH:2
FNDA:1,(anonymous_0)
FNDA:1,Security
FNDA:0,(anonymous_2)
FNDA:0,(anonymous_3)
FNDA:0,(anonymous_4)
FNDA:0,(anonymous_5)
FNDA:0,(anonymous_6)
DA:15,1
DA:62,1
DA:63,1
DA:64,1
DA:65,1
DA:66,1
DA:68,0
DA:69,0
DA:72,0
DA:73,0
DA:77,1
DA:82,1
DA:84,1
DA:90,0
DA:122,0
DA:123,0
LF:16
LH:9
BRDA:82,0,0,0
BRDA:82,0,1,1
BRF:2
BRH:1
end_of_record
TN:
SF:components/pages/packages/InstallButton/index.tsx
FN:9,(anonymous_0)
FN:27,InstallButton
FN:34,textToClipboard
FN:46,(anonymous_3)
FNF:4
FNH:2
FNDA:2,(anonymous_0)
FNDA:2,InstallButton
FNDA:0,textToClipboard
FNDA:0,(anonymous_3)
DA:9,2
DA:28,2
DA:30,2
DA:32,2
DA:35,0
DA:36,0
DA:37,0
DA:38,0
DA:39,0
DA:40,0
DA:41,0
DA:44,2
DA:46,0
LF:13
LH:5
BRF:0
BRH:0
end_of_record
TN:
SF:components/pages/packages/MarkdownDisplayer/index.tsx
FN:11,(anonymous_0)
FN:66,MarkdownDisplayer
FNF:2
FNH:2
FNDA:2,(anonymous_0)
FNDA:2,MarkdownDisplayer
DA:11,2
DA:68,2
DA:70,2
LF:3
LH:3
BRDA:66,0,0,2
BRF:1
BRH:1
end_of_record
TN:
SF:components/pages/packages/TabPanel/index.tsx
FN:3,TabPanel
FNF:1
FNH:1
FNDA:3,TabPanel
DA:6,3
DA:8,3
LF:2
LH:2
BRDA:16,0,0,3
BRDA:16,0,1,2
BRF:2
BRH:2
end_of_record
TN:
SF:components/pages/packages/VersionList/index.tsx
FN:14,(anonymous_0)
FN:53,VersionList
FN:58,(anonymous_2)
FNF:3
FNH:3
FNDA:1,(anonymous_0)
FNDA:1,VersionList
FNDA:2,(anonymous_2)
DA:14,2
DA:54,1
DA:56,1
DA:59,2
LF:4
LH:4
BRDA:60,0,0,2
BRDA:60,0,1,1
BRDA:60,0,2,1
BRF:3
BRH:3
end_of_record
TN:
SF:components/pages/profile/Edit/index.tsx
FN:9,(anonymous_0)
FN:38,(anonymous_1)
FN:87,(anonymous_2)
FN:96,(anonymous_3)
FNF:4
FNH:2
FNDA:1,(anonymous_0)
FNDA:1,(anonymous_1)
FNDA:0,(anonymous_2)
FNDA:0,(anonymous_3)
DA:9,2
DA:38,2
DA:39,1
DA:40,1
DA:42,1
DA:87,0
DA:96,0
LF:7
LH:5
BRDA:48,0,0,1
BRDA:48,0,1,0
BRF:2
BRH:1
end_of_record
TN:
SF:components/pages/profile/ProfileInfos/index.tsx
FN:12,(anonymous_0)
FN:41,(anonymous_1)
FN:43,(anonymous_2)
FN:86,(anonymous_3)
FNF:4
FNH:3
FNDA:2,(anonymous_0)
FNDA:2,(anonymous_1)
FNDA:2,(anonymous_2)
FNDA:0,(anonymous_3)
DA:12,2
DA:41,2
DA:42,2
DA:43,2
DA:44,2
DA:45,2
DA:48,2
DA:86,0
LF:8
LH:7
BRDA:45,0,0,2
BRDA:45,0,1,1
BRDA:54,1,0,1
BRDA:54,1,1,1
BRDA:60,2,0,1
BRDA:60,2,1,1
BRDA:66,3,0,1
BRDA:66,3,1,1
BRDA:73,4,0,2
BRDA:73,4,1,0
BRDA:73,5,0,2
BRDA:73,5,1,1
BRDA:76,6,0,0
BRDA:76,6,1,2
BRDA:76,7,0,2
BRDA:76,7,1,1
BRDA:76,7,2,0
BRDA:79,8,0,1
BRDA:79,8,1,1
BRF:19
BRH:16
end_of_record
TN:
SF:utils/team.ts
FNF:0
FNH:0
DA:1,2
LF:1
LH:1
BRF:0
BRH:0
end_of_record
TN:
SF:utils/theme.ts
FNF:0
FNH:0
DA:3,1
LF:1
LH:1
BRF:0
BRH:0
end_of_record
TN:
SF:utils/validation.ts
FNF:0
FNH:0
DA:3,2
DA:10,2
DA:20,2
DA:26,2
LF:4
LH:4
BRF:0
BRH:0
end_of_record
TN:
SF:utils/version.ts
FN:5,sortVersion
FN:6,(anonymous_1)
FN:9,getLastVersion
FNF:3
FNH:3
FNDA:3,sortVersion
FNDA:3,(anonymous_1)
FNDA:2,getLastVersion
DA:6,3
DA:10,2
DA:11,1
DA:13,1
LF:4
LH:4
BRDA:10,0,0,1
BRDA:10,0,1,1
BRF:2
BRH:2
end_of_record
TN:
SF:utils/withApollo.tsx
FN:6,(anonymous_0)
FN:17,(anonymous_1)
FNF:2
FNH:2
FNDA:8,(anonymous_0)
FNDA:8,(anonymous_1)
DA:6,8
DA:19,8
LF:2
LH:2
BRDA:11,0,0,8
BRDA:11,0,1,0
BRDA:14,1,0,8
BRDA:14,1,1,8
BRF:4
BRH:3
end_of_record
