TN:
SF:components/Avatar/index.tsx
FN:7,hashCode
FN:16,intToRGB
FN:29,(anonymous_2)
FN:37,(anonymous_3)
FN:55,Avatar
FNF:5
FNH:5
FNDA:7,hashCode
FNDA:7,intToRGB
FNDA:6,(anonymous_2)
FNDA:7,(anonymous_3)
FNDA:7,Avatar
DA:8,7
DA:9,7
DA:11,23
DA:13,7
DA:18,7
DA:22,7
DA:29,6
DA:37,7
DA:60,7
DA:61,7
DA:62,7
DA:63,7
DA:64,7
DA:66,7
LF:14
LH:14
BRDA:59,0,0,4
BRDA:61,1,0,7
BRDA:61,1,1,1
BRDA:76,2,0,7
BRDA:76,2,1,4
BRF:5
BRH:5
end_of_record
TN:
SF:components/Button/index.tsx
FN:15,(anonymous_0)
FN:23,(anonymous_1)
FN:31,(anonymous_2)
FN:32,(anonymous_3)
FN:33,(anonymous_4)
FN:34,(anonymous_5)
FN:53,(anonymous_6)
FNF:7
FNH:7
FNDA:20,(anonymous_0)
FNDA:4,(anonymous_1)
FNDA:5,(anonymous_2)
FNDA:5,(anonymous_3)
FNDA:5,(anonymous_4)
FNDA:5,(anonymous_5)
FNDA:5,(anonymous_6)
DA:15,20
DA:23,4
DA:31,5
DA:32,5
DA:33,5
DA:34,5
DA:53,2
DA:56,5
DA:58,5
LF:9
LH:9
BRDA:16,0,0,4
BRDA:16,0,1,16
BRDA:17,1,0,4
BRDA:17,1,1,16
BRDA:17,2,0,20
BRDA:17,2,1,4
BRDA:19,3,0,4
BRDA:19,3,1,16
BRDA:20,4,0,16
BRDA:20,4,1,4
BRDA:54,5,0,5
BRDA:54,6,0,5
BRF:12
BRH:12
end_of_record
TN:
SF:components/ButtonLink/index.tsx
FN:9,(anonymous_0)
FNF:1
FNH:1
FNDA:1,(anonymous_0)
DA:8,1
DA:10,1
LF:2
LH:2
BRF:0
BRH:0
end_of_record
TN:
SF:components/Logo/index.tsx
FN:5,getFontSize
FN:16,getSize
FN:46,(anonymous_2)
FN:53,(anonymous_3)
FN:70,(anonymous_4)
FNF:5
FNH:5
FNDA:10,getFontSize
FNDA:10,getSize
FNDA:10,(anonymous_2)
FNDA:10,(anonymous_3)
FNDA:10,(anonymous_4)
DA:6,10
DA:7,2
DA:8,8
DA:9,2
DA:10,6
DA:11,2
DA:13,4
DA:17,10
DA:18,10
DA:20,10
DA:21,5
DA:22,1
DA:23,4
DA:24,1
DA:25,3
DA:26,1
DA:27,2
DA:28,1
DA:30,1
DA:32,5
DA:33,1
DA:34,4
DA:35,1
DA:36,3
DA:37,1
DA:38,2
DA:39,1
DA:41,1
DA:43,10
DA:46,10
DA:53,10
DA:70,1
DA:71,10
DA:72,10
DA:73,10
DA:75,10
LF:36
LH:36
BRDA:6,0,0,2
BRDA:6,0,1,8
BRDA:8,1,0,2
BRDA:8,1,1,6
BRDA:10,2,0,2
BRDA:10,2,1,4
BRDA:20,3,0,5
BRDA:20,3,1,5
BRDA:21,4,0,1
BRDA:21,4,1,4
BRDA:23,5,0,1
BRDA:23,5,1,3
BRDA:25,6,0,1
BRDA:25,6,1,2
BRDA:27,7,0,1
BRDA:27,7,1,1
BRDA:32,8,0,1
BRDA:32,8,1,4
BRDA:34,9,0,1
BRDA:34,9,1,3
BRDA:36,10,0,1
BRDA:36,10,1,2
BRDA:38,11,0,1
BRDA:38,11,1,1
BRDA:70,12,0,1
BRDA:70,13,0,2
BRDA:72,14,0,5
BRDA:72,14,1,5
BRDA:88,15,0,10
BRDA:88,15,1,4
BRF:30
BRH:30
end_of_record
TN:
SF:components/PackageCard/index.tsx
FN:12,(anonymous_0)
FN:63,PackageCard
FNF:2
FNH:2
FNDA:1,(anonymous_0)
FNDA:1,PackageCard
DA:12,1
DA:64,1
DA:65,1
DA:66,1
DA:68,1
LF:5
LH:5
BRF:0
BRH:0
end_of_record
TN:
SF:components/PasswordInput/index.tsx
FN:12,(anonymous_0)
FN:16,(anonymous_1)
FN:20,(anonymous_2)
FN:21,(anonymous_3)
FNF:4
FNH:4
FNDA:1,(anonymous_0)
FNDA:2,(anonymous_1)
FNDA:1,(anonymous_2)
FNDA:1,(anonymous_3)
DA:12,1
DA:16,1
DA:17,2
DA:18,2
DA:20,2
DA:21,1
DA:24,2
LF:7
LH:7
BRDA:26,0,0,1
BRDA:26,0,1,1
BRDA:37,1,0,1
BRDA:37,1,1,1
BRF:4
BRH:4
end_of_record
TN:
SF:components/Select/index.tsx
FN:10,Select
FNF:1
FNH:1
FNDA:2,Select
DA:13,2
LF:1
LH:1
BRF:0
BRH:0
end_of_record
TN:
SF:components/Select/WrappedMuiSelect/index.tsx
FN:14,(anonymous_0)
FN:59,WrappedSelect
FN:90,(anonymous_2)
FNF:3
FNH:3
FNDA:2,(anonymous_0)
FNDA:2,WrappedSelect
FNDA:6,(anonymous_2)
DA:14,2
DA:60,2
DA:62,2
DA:91,6
LF:4
LH:4
BRF:0
BRH:0
end_of_record
TN:
SF:components/TextInput/index.tsx
FN:29,(anonymous_0)
FNF:1
FNH:1
FNDA:4,(anonymous_0)
DA:6,2
DA:29,2
DA:30,4
DA:31,4
DA:32,4
DA:33,4
DA:34,4
DA:35,1
DA:36,3
DA:37,0
DA:40,4
LF:11
LH:10
BRDA:29,0,0,2
BRDA:34,1,0,1
BRDA:34,1,1,3
BRDA:36,2,0,0
BRDA:36,2,1,3
BRDA:36,3,0,3
BRDA:36,3,1,0
BRDA:45,4,0,4
BRDA:45,4,1,0
BRF:9
BRH:6
end_of_record
TN:
SF:components/TextLink/index.tsx
FN:12,(anonymous_0)
FNF:1
FNH:1
FNDA:1,(anonymous_0)
DA:12,1
DA:15,1
LF:2
LH:2
BRF:0
BRH:0
end_of_record
TN:
SF:utils/team.ts
FNF:0
FNH:0
DA:1,0
LF:1
LH:0
BRF:0
BRH:0
end_of_record
TN:
SF:utils/version.ts
FN:5,sortVersion
FN:6,(anonymous_1)
FN:9,getLastVersion
FNF:3
FNH:3
FNDA:2,sortVersion
FNDA:2,(anonymous_1)
FNDA:2,getLastVersion
DA:6,2
DA:10,2
DA:11,1
DA:13,1
LF:4
LH:4
BRDA:10,0,0,1
BRDA:10,0,1,1
BRF:2
BRH:2
end_of_record
